<?xml version="1.0" encoding="UTF-8"?>
<coverage generated="1761685303217" clover="3.2.0">
  <project timestamp="1761685303217" name="All files">
    <metrics statements="988" coveredstatements="949" conditionals="526" coveredconditionals="484" methods="70" coveredmethods="64" elements="1584" coveredelements="1497" complexity="0" loc="988" ncloc="988" packages="1" files="6" classes="6"/>
    <file name="Select.svelte" path="/home/chris/projects/svelte-5-select/src/lib/Select.svelte">
      <metrics statements="782" coveredstatements="750" conditionals="415" coveredconditionals="375" methods="48" coveredmethods="44"/>
      <line num="1" count="1" type="stmt"/>
      <line num="19" count="1" type="cond" truecount="1" falsecount="0"/>
      <line num="20" count="1746" type="stmt"/>
      <line num="22" count="1" type="stmt"/>
      <line num="23" count="1" type="cond" truecount="1" falsecount="0"/>
      <line num="24" count="1" type="stmt"/>
      <line num="26" count="1" type="stmt"/>
      <line num="27" count="1" type="stmt"/>
      <line num="31" count="1" type="stmt"/>
      <line num="32" count="1" type="stmt"/>
      <line num="33" count="1" type="stmt"/>
      <line num="34" count="1" type="stmt"/>
      <line num="35" count="1" type="stmt"/>
      <line num="36" count="1" type="stmt"/>
      <line num="39" count="1" type="stmt"/>
      <line num="40" count="1" type="stmt"/>
      <line num="41" count="1" type="stmt"/>
      <line num="42" count="1" type="stmt"/>
      <line num="43" count="1" type="stmt"/>
      <line num="44" count="1" type="stmt"/>
      <line num="45" count="1" type="stmt"/>
      <line num="46" count="1" type="stmt"/>
      <line num="47" count="1" type="stmt"/>
      <line num="48" count="1" type="stmt"/>
      <line num="51" count="1" type="stmt"/>
      <line num="52" count="1" type="stmt"/>
      <line num="53" count="1" type="stmt"/>
      <line num="54" count="1" type="stmt"/>
      <line num="55" count="1" type="stmt"/>
      <line num="56" count="1" type="stmt"/>
      <line num="57" count="1" type="stmt"/>
      <line num="58" count="1" type="stmt"/>
      <line num="59" count="1" type="stmt"/>
      <line num="60" count="1" type="stmt"/>
      <line num="63" count="1" type="stmt"/>
      <line num="64" count="1" type="stmt"/>
      <line num="65" count="1" type="stmt"/>
      <line num="66" count="1" type="stmt"/>
      <line num="69" count="1" type="stmt"/>
      <line num="70" count="1" type="cond" truecount="1" falsecount="0"/>
      <line num="71" count="1" type="stmt"/>
      <line num="72" count="1" type="cond" truecount="1" falsecount="0"/>
      <line num="73" count="1" type="stmt"/>
      <line num="74" count="1" type="stmt"/>
      <line num="75" count="1" type="cond" truecount="1" falsecount="0"/>
      <line num="78" count="1" type="cond" truecount="1" falsecount="0"/>
      <line num="79" count="60" type="stmt"/>
      <line num="80" count="1" type="stmt"/>
      <line num="81" count="1" type="cond" truecount="1" falsecount="0"/>
      <line num="82" count="50" type="stmt"/>
      <line num="83" count="50" type="stmt"/>
      <line num="84" count="1" type="stmt"/>
      <line num="85" count="1" type="stmt"/>
      <line num="86" count="1" type="stmt"/>
      <line num="87" count="0" type="stmt"/>
      <line num="88" count="1" type="stmt"/>
      <line num="89" count="1" type="stmt"/>
      <line num="90" count="1" type="cond" truecount="1" falsecount="0"/>
      <line num="91" count="1" type="stmt"/>
      <line num="92" count="1" type="stmt"/>
      <line num="95" count="1" type="cond" truecount="1" falsecount="0"/>
      <line num="97" count="1" type="stmt"/>
      <line num="98" count="1" type="cond" truecount="1" falsecount="0"/>
      <line num="99" count="194" type="stmt"/>
      <line num="100" count="1" type="stmt"/>
      <line num="101" count="1" type="cond" truecount="1" falsecount="0"/>
      <line num="102" count="130" type="stmt"/>
      <line num="103" count="1" type="stmt"/>
      <line num="106" count="1" type="stmt"/>
      <line num="109" count="1" type="cond" truecount="1" falsecount="0"/>
      <line num="110" count="1" type="cond" truecount="1" falsecount="0"/>
      <line num="111" count="1" type="cond" truecount="1" falsecount="0"/>
      <line num="112" count="1" type="stmt"/>
      <line num="113" count="1" type="cond" truecount="1" falsecount="0"/>
      <line num="114" count="1" type="cond" truecount="1" falsecount="0"/>
      <line num="115" count="1" type="cond" truecount="1" falsecount="0"/>
      <line num="116" count="1" type="cond" truecount="1" falsecount="0"/>
      <line num="117" count="1" type="stmt"/>
      <line num="118" count="1" type="cond" truecount="1" falsecount="0"/>
      <line num="136" count="1" type="stmt"/>
      <line num="137" count="1" type="stmt"/>
      <line num="138" count="1" type="stmt"/>
      <line num="141" count="1" type="stmt"/>
      <line num="142" count="1" type="cond" truecount="1" falsecount="0"/>
      <line num="143" count="344" type="cond" truecount="1" falsecount="0"/>
      <line num="144" count="344" type="cond" truecount="2" falsecount="0"/>
      <line num="145" count="13" type="cond" truecount="1" falsecount="0"/>
      <line num="146" count="187" type="stmt"/>
      <line num="149" count="1" type="stmt"/>
      <line num="150" count="1" type="stmt"/>
      <line num="151" count="1" type="stmt"/>
      <line num="152" count="1" type="stmt"/>
      <line num="153" count="1" type="stmt"/>
      <line num="154" count="1" type="stmt"/>
      <line num="155" count="1" type="stmt"/>
      <line num="156" count="1" type="stmt"/>
      <line num="159" count="1" type="stmt"/>
      <line num="160" count="1" type="stmt"/>
      <line num="161" count="1" type="stmt"/>
      <line num="162" count="1" type="stmt"/>
      <line num="165" count="1" type="cond" truecount="1" falsecount="0"/>
      <line num="166" count="4" type="stmt"/>
      <line num="167" count="4" type="stmt"/>
      <line num="168" count="4" type="stmt"/>
      <line num="169" count="4" type="stmt"/>
      <line num="170" count="4" type="stmt"/>
      <line num="171" count="1" type="stmt"/>
      <line num="173" count="1" type="stmt"/>
      <line num="174" count="1" type="stmt"/>
      <line num="175" count="1" type="stmt"/>
      <line num="176" count="1" type="cond" truecount="2" falsecount="0"/>
      <line num="177" count="1" type="cond" truecount="2" falsecount="0"/>
      <line num="178" count="1" type="stmt"/>
      <line num="179" count="1" type="stmt"/>
      <line num="180" count="1" type="stmt"/>
      <line num="181" count="1" type="stmt"/>
      <line num="182" count="1" type="cond" truecount="2" falsecount="0"/>
      <line num="183" count="1" type="stmt"/>
      <line num="185" count="1" type="stmt"/>
      <line num="186" count="1" type="stmt"/>
      <line num="187" count="1" type="stmt"/>
      <line num="188" count="1" type="stmt"/>
      <line num="189" count="1" type="stmt"/>
      <line num="190" count="1" type="stmt"/>
      <line num="191" count="1" type="stmt"/>
      <line num="192" count="1" type="stmt"/>
      <line num="193" count="1" type="stmt"/>
      <line num="194" count="1" type="cond" truecount="2" falsecount="0"/>
      <line num="195" count="368" type="cond" truecount="1" falsecount="0"/>
      <line num="196" count="368" type="cond" truecount="4" falsecount="0"/>
      <line num="197" count="2" type="cond" truecount="1" falsecount="0"/>
      <line num="198" count="365" type="cond" truecount="2" falsecount="0"/>
      <line num="200" count="1" type="cond" truecount="1" falsecount="0"/>
      <line num="201" count="339" type="cond" truecount="3" falsecount="0"/>
      <line num="203" count="1" type="cond" truecount="1" falsecount="0"/>
      <line num="204" count="86" type="stmt"/>
      <line num="206" count="1" type="stmt"/>
      <line num="208" count="1" type="stmt"/>
      <line num="209" count="1" type="stmt"/>
      <line num="210" count="1" type="stmt"/>
      <line num="211" count="1" type="stmt"/>
      <line num="212" count="1" type="stmt"/>
      <line num="213" count="1" type="stmt"/>
      <line num="214" count="1" type="stmt"/>
      <line num="215" count="1" type="stmt"/>
      <line num="218" count="1" type="stmt"/>
      <line num="219" count="1" type="cond" truecount="1" falsecount="0"/>
      <line num="220" count="248" type="stmt"/>
      <line num="221" count="248" type="stmt"/>
      <line num="222" count="248" type="stmt"/>
      <line num="223" count="248" type="stmt"/>
      <line num="224" count="248" type="stmt"/>
      <line num="225" count="248" type="stmt"/>
      <line num="226" count="1" type="cond" truecount="1" falsecount="0"/>
      <line num="229" count="1" type="stmt"/>
      <line num="230" count="1" type="stmt"/>
      <line num="231" count="1" type="stmt"/>
      <line num="232" count="1" type="stmt"/>
      <line num="233" count="1" type="stmt"/>
      <line num="236" count="1" type="stmt"/>
      <line num="237" count="1" type="stmt"/>
      <line num="238" count="1" type="stmt"/>
      <line num="239" count="1" type="stmt"/>
      <line num="240" count="1" type="stmt"/>
      <line num="241" count="1" type="stmt"/>
      <line num="242" count="1" type="stmt"/>
      <line num="243" count="1" type="stmt"/>
      <line num="244" count="1" type="stmt"/>
      <line num="245" count="1" type="stmt"/>
      <line num="246" count="1" type="stmt"/>
      <line num="248" count="1" type="cond" truecount="1" falsecount="0"/>
      <line num="249" count="1" type="stmt"/>
      <line num="250" count="1" type="cond" truecount="1" falsecount="0"/>
      <line num="251" count="1" type="stmt"/>
      <line num="252" count="1" type="stmt"/>
      <line num="253" count="1" type="stmt"/>
      <line num="254" count="1" type="stmt"/>
      <line num="256" count="1" type="stmt"/>
      <line num="258" count="1" type="stmt"/>
      <line num="260" count="1" type="cond" truecount="1" falsecount="0"/>
      <line num="261" count="209" type="cond" truecount="1" falsecount="0"/>
      <line num="262" count="209" type="cond" truecount="2" falsecount="0"/>
      <line num="263" count="1" type="stmt"/>
      <line num="264" count="1" type="cond" truecount="1" falsecount="0"/>
      <line num="265" count="404" type="stmt"/>
      <line num="266" count="404" type="stmt"/>
      <line num="267" count="404" type="stmt"/>
      <line num="268" count="404" type="stmt"/>
      <line num="270" count="404" type="stmt"/>
      <line num="271" count="404" type="stmt"/>
      <line num="272" count="404" type="stmt"/>
      <line num="273" count="404" type="stmt"/>
      <line num="274" count="404" type="stmt"/>
      <line num="275" count="404" type="stmt"/>
      <line num="276" count="404" type="stmt"/>
      <line num="277" count="404" type="stmt"/>
      <line num="278" count="404" type="stmt"/>
      <line num="279" count="404" type="stmt"/>
      <line num="280" count="404" type="stmt"/>
      <line num="281" count="404" type="stmt"/>
      <line num="282" count="404" type="stmt"/>
      <line num="285" count="1" type="stmt"/>
      <line num="286" count="1" type="cond" truecount="1" falsecount="0"/>
      <line num="287" count="333" type="stmt"/>
      <line num="288" count="333" type="cond" truecount="1" falsecount="0"/>
      <line num="289" count="333" type="cond" truecount="1" falsecount="0"/>
      <line num="290" count="333" type="stmt"/>
      <line num="291" count="1" type="stmt"/>
      <line num="292" count="1" type="cond" truecount="1" falsecount="0"/>
      <line num="294" count="209" type="cond" truecount="1" falsecount="0"/>
      <line num="295" count="40" type="cond" truecount="1" falsecount="0"/>
      <line num="296" count="40" type="stmt"/>
      <line num="297" count="1" type="stmt"/>
      <line num="298" count="1" type="cond" truecount="1" falsecount="0"/>
      <line num="300" count="418" type="cond" truecount="1" falsecount="2"/>
      <line num="301" count="0" type="stmt"/>
      <line num="302" count="0" type="stmt"/>
      <line num="304" count="418" type="stmt"/>
      <line num="305" count="1" type="stmt"/>
      <line num="306" count="1" type="cond" truecount="1" falsecount="0"/>
      <line num="307" count="259" type="cond" truecount="3" falsecount="0"/>
      <line num="308" count="1" type="stmt"/>
      <line num="309" count="1" type="cond" truecount="1" falsecount="0"/>
      <line num="310" count="350" type="cond" truecount="1" falsecount="0"/>
      <line num="311" count="1" type="stmt"/>
      <line num="312" count="1" type="cond" truecount="1" falsecount="0"/>
      <line num="313" count="315" type="cond" truecount="2" falsecount="0"/>
      <line num="314" count="7" type="stmt"/>
      <line num="315" count="7" type="stmt"/>
      <line num="316" count="1" type="stmt"/>
      <line num="317" count="1" type="cond" truecount="1" falsecount="0"/>
      <line num="318" count="279" type="cond" truecount="2" falsecount="0"/>
      <line num="319" count="1" type="stmt"/>
      <line num="320" count="1" type="cond" truecount="1" falsecount="0"/>
      <line num="321" count="258" type="stmt"/>
      <line num="322" count="258" type="cond" truecount="1" falsecount="0"/>
      <line num="323" count="258" type="cond" truecount="1" falsecount="0"/>
      <line num="324" count="258" type="stmt"/>
      <line num="325" count="1" type="stmt"/>
      <line num="326" count="1" type="cond" truecount="1" falsecount="0"/>
      <line num="327" count="325" type="cond" truecount="4" falsecount="0"/>
      <line num="328" count="1" type="stmt"/>
      <line num="329" count="1" type="cond" truecount="1" falsecount="0"/>
      <line num="330" count="268" type="stmt"/>
      <line num="331" count="1" type="stmt"/>
      <line num="332" count="1" type="cond" truecount="1" falsecount="0"/>
      <line num="333" count="300" type="stmt"/>
      <line num="334" count="300" type="stmt"/>
      <line num="335" count="300" type="cond" truecount="1" falsecount="0"/>
      <line num="336" count="300" type="cond" truecount="1" falsecount="0"/>
      <line num="337" count="90" type="cond" truecount="2" falsecount="0"/>
      <line num="338" count="210" type="stmt"/>
      <line num="339" count="300" type="stmt"/>
      <line num="340" count="1" type="stmt"/>
      <line num="341" count="1" type="cond" truecount="1" falsecount="0"/>
      <line num="342" count="300" type="stmt"/>
      <line num="343" count="300" type="stmt"/>
      <line num="344" count="300" type="stmt"/>
      <line num="345" count="300" type="cond" truecount="1" falsecount="0"/>
      <line num="346" count="300" type="stmt"/>
      <line num="347" count="300" type="stmt"/>
      <line num="348" count="1" type="stmt"/>
      <line num="350" count="1" type="cond" truecount="1" falsecount="0"/>
      <line num="351" count="480" type="stmt"/>
      <line num="352" count="480" type="stmt"/>
      <line num="353" count="480" type="stmt"/>
      <line num="354" count="480" type="stmt"/>
      <line num="355" count="480" type="cond" truecount="1" falsecount="0"/>
      <line num="356" count="480" type="cond" truecount="2" falsecount="0"/>
      <line num="357" count="157" type="cond" truecount="1" falsecount="0"/>
      <line num="358" count="25" type="stmt"/>
      <line num="359" count="25" type="cond" truecount="1" falsecount="0"/>
      <line num="361" count="132" type="cond" truecount="2" falsecount="0"/>
      <line num="362" count="1" type="stmt"/>
      <line num="363" count="1" type="stmt"/>
      <line num="364" count="157" type="stmt"/>
      <line num="365" count="480" type="stmt"/>
      <line num="366" count="1" type="stmt"/>
      <line num="367" count="1" type="cond" truecount="1" falsecount="0"/>
      <line num="368" count="473" type="cond" truecount="1" falsecount="0"/>
      <line num="369" count="1" type="stmt"/>
      <line num="370" count="1" type="cond" truecount="1" falsecount="0"/>
      <line num="371" count="418" type="stmt"/>
      <line num="372" count="1" type="stmt"/>
      <line num="373" count="1" type="cond" truecount="1" falsecount="0"/>
      <line num="374" count="328" type="stmt"/>
      <line num="375" count="328" type="cond" truecount="1" falsecount="0"/>
      <line num="376" count="328" type="stmt"/>
      <line num="377" count="328" type="cond" truecount="3" falsecount="0"/>
      <line num="378" count="328" type="stmt"/>
      <line num="379" count="1" type="stmt"/>
      <line num="380" count="1" type="cond" truecount="1" falsecount="0"/>
      <line num="381" count="328" type="cond" truecount="2" falsecount="0"/>
      <line num="382" count="1" type="stmt"/>
      <line num="383" count="1" type="cond" truecount="1" falsecount="0"/>
      <line num="384" count="258" type="cond" truecount="1" falsecount="0"/>
      <line num="385" count="51" type="cond" truecount="1" falsecount="0"/>
      <line num="386" count="51" type="stmt"/>
      <line num="387" count="51" type="stmt"/>
      <line num="388" count="51" type="stmt"/>
      <line num="389" count="1" type="stmt"/>
      <line num="390" count="1" type="cond" truecount="1" falsecount="0"/>
      <line num="391" count="209" type="stmt"/>
      <line num="392" count="209" type="stmt"/>
      <line num="393" count="209" type="stmt"/>
      <line num="394" count="1" type="stmt"/>
      <line num="395" count="1" type="cond" truecount="1" falsecount="0"/>
      <line num="396" count="209" type="cond" truecount="1" falsecount="0"/>
      <line num="397" count="3" type="stmt"/>
      <line num="398" count="3" type="stmt"/>
      <line num="399" count="3" type="stmt"/>
      <line num="400" count="1" type="stmt"/>
      <line num="401" count="1" type="cond" truecount="1" falsecount="0"/>
      <line num="403" count="265" type="stmt"/>
      <line num="405" count="265" type="stmt"/>
      <line num="407" count="265" type="stmt"/>
      <line num="408" count="265" type="stmt"/>
      <line num="409" count="265" type="stmt"/>
      <line num="410" count="265" type="stmt"/>
      <line num="411" count="265" type="stmt"/>
      <line num="414" count="265" type="cond" truecount="2" falsecount="0"/>
      <line num="416" count="51" type="cond" truecount="1" falsecount="0"/>
      <line num="417" count="51" type="stmt"/>
      <line num="420" count="51" type="stmt"/>
      <line num="422" count="51" type="cond" truecount="1" falsecount="0"/>
      <line num="423" count="22" type="stmt"/>
      <line num="424" count="22" type="cond" truecount="1" falsecount="0"/>
      <line num="427" count="22" type="cond" truecount="2" falsecount="0"/>
      <line num="428" count="7" type="stmt"/>
      <line num="429" count="22" type="cond" truecount="1" falsecount="0"/>
      <line num="431" count="14" type="cond" truecount="0" falsecount="1"/>
      <line num="432" count="14" type="cond" truecount="1" falsecount="0"/>
      <line num="434" count="21" type="stmt"/>
      <line num="435" count="21" type="stmt"/>
      <line num="436" count="21" type="stmt"/>
      <line num="437" count="21" type="stmt"/>
      <line num="438" count="22" type="stmt"/>
      <line num="439" count="22" type="cond" truecount="2" falsecount="0"/>
      <line num="443" count="22" type="cond" truecount="3" falsecount="0"/>
      <line num="444" count="4" type="stmt"/>
      <line num="445" count="4" type="cond" truecount="2" falsecount="0"/>
      <line num="446" count="2" type="cond" truecount="1" falsecount="0"/>
      <line num="447" count="2" type="cond" truecount="0" falsecount="2"/>
      <line num="450" count="4" type="cond" truecount="2" falsecount="0"/>
      <line num="451" count="4" type="cond" truecount="0" falsecount="2"/>
      <line num="454" count="4" type="stmt"/>
      <line num="456" count="4" type="cond" truecount="0" falsecount="1"/>
      <line num="457" count="0" type="stmt"/>
      <line num="458" count="0" type="stmt"/>
      <line num="460" count="0" type="stmt"/>
      <line num="461" count="0" type="stmt"/>
      <line num="462" count="0" type="stmt"/>
      <line num="463" count="0" type="stmt"/>
      <line num="464" count="22" type="cond" truecount="1" falsecount="2"/>
      <line num="466" count="0" type="stmt"/>
      <line num="467" count="0" type="cond" truecount="1" falsecount="0"/>
      <line num="469" count="21" type="stmt"/>
      <line num="471" count="21" type="stmt"/>
      <line num="473" count="21" type="cond" truecount="0" falsecount="1"/>
      <line num="474" count="22" type="cond" truecount="1" falsecount="0"/>
      <line num="475" count="1" type="stmt"/>
      <line num="477" count="1" type="stmt"/>
      <line num="478" count="1" type="stmt"/>
      <line num="479" count="1" type="stmt"/>
      <line num="480" count="1" type="stmt"/>
      <line num="481" count="51" type="stmt"/>
      <line num="484" count="51" type="cond" truecount="1" falsecount="0"/>
      <line num="485" count="50" type="stmt"/>
      <line num="486" count="51" type="cond" truecount="1" falsecount="0"/>
      <line num="487" count="1" type="stmt"/>
      <line num="488" count="1" type="stmt"/>
      <line num="489" count="51" type="stmt"/>
      <line num="492" count="51" type="cond" truecount="1" falsecount="1"/>
      <line num="493" count="0" type="stmt"/>
      <line num="494" count="0" type="stmt"/>
      <line num="495" count="265" type="cond" truecount="1" falsecount="2"/>
      <line num="497" count="0" type="stmt"/>
      <line num="498" count="0" type="stmt"/>
      <line num="499" count="0" type="stmt"/>
      <line num="500" count="0" type="stmt"/>
      <line num="501" count="0" type="stmt"/>
      <line num="502" count="0" type="stmt"/>
      <line num="503" count="0" type="stmt"/>
      <line num="504" count="0" type="stmt"/>
      <line num="505" count="0" type="stmt"/>
      <line num="506" count="0" type="stmt"/>
      <line num="507" count="0" type="stmt"/>
      <line num="508" count="1" type="stmt"/>
      <line num="510" count="1" type="cond" truecount="1" falsecount="0"/>
      <line num="511" count="51" type="cond" truecount="3" falsecount="0"/>
      <line num="513" count="5" type="stmt"/>
      <line num="514" count="5" type="stmt"/>
      <line num="515" count="5" type="cond" truecount="0" falsecount="1"/>
      <line num="516" count="5" type="cond" truecount="0" falsecount="1"/>
      <line num="518" count="0" type="stmt"/>
      <line num="519" count="0" type="stmt"/>
      <line num="521" count="1" type="cond" truecount="1" falsecount="0"/>
      <line num="522" count="27" type="cond" truecount="1" falsecount="0"/>
      <line num="523" count="27" type="stmt"/>
      <line num="525" count="1" type="cond" truecount="1" falsecount="0"/>
      <line num="526" count="42" type="stmt"/>
      <line num="527" count="42" type="stmt"/>
      <line num="528" count="42" type="stmt"/>
      <line num="530" count="42" type="cond" truecount="1" falsecount="1"/>
      <line num="531" count="42" type="stmt"/>
      <line num="532" count="42" type="stmt"/>
      <line num="533" count="42" type="cond" truecount="4" falsecount="0"/>
      <line num="535" count="42" type="cond" truecount="1" falsecount="0"/>
      <line num="536" count="42" type="stmt"/>
      <line num="537" count="42" type="stmt"/>
      <line num="538" count="42" type="stmt"/>
      <line num="539" count="42" type="stmt"/>
      <line num="540" count="42" type="stmt"/>
      <line num="542" count="1" type="cond" truecount="1" falsecount="0"/>
      <line num="543" count="343" type="stmt"/>
      <line num="544" count="343" type="cond" truecount="1" falsecount="0"/>
      <line num="545" count="16" type="stmt"/>
      <line num="546" count="16" type="cond" truecount="1" falsecount="0"/>
      <line num="547" count="9" type="stmt"/>
      <line num="548" count="9" type="stmt"/>
      <line num="550" count="343" type="cond" truecount="4" falsecount="0"/>
      <line num="551" count="60" type="cond" truecount="1" falsecount="0"/>
      <line num="552" count="102" type="cond" truecount="1" falsecount="0"/>
      <line num="554" count="11" type="stmt"/>
      <line num="555" count="11" type="cond" truecount="1" falsecount="0"/>
      <line num="556" count="11" type="cond" truecount="1" falsecount="0"/>
      <line num="557" count="91" type="stmt"/>
      <line num="558" count="60" type="stmt"/>
      <line num="559" count="60" type="stmt"/>
      <line num="560" count="343" type="stmt"/>
      <line num="562" count="1" type="cond" truecount="1" falsecount="0"/>
      <line num="563" count="42" type="cond" truecount="4" falsecount="0"/>
      <line num="564" count="37" type="cond" truecount="3" falsecount="0"/>
      <line num="566" count="35" type="cond" truecount="1" falsecount="0"/>
      <line num="567" count="1" type="cond" truecount="1" falsecount="1"/>
      <line num="568" count="1" type="cond" truecount="1" falsecount="1"/>
      <line num="569" count="35" type="cond" truecount="1" falsecount="0"/>
      <line num="570" count="3" type="cond" truecount="0" falsecount="1"/>
      <line num="571" count="3" type="cond" truecount="0" falsecount="1"/>
      <line num="572" count="3" type="stmt"/>
      <line num="573" count="42" type="stmt"/>
      <line num="575" count="1" type="stmt"/>
      <line num="576" count="0" type="stmt"/>
      <line num="577" count="0" type="stmt"/>
      <line num="578" count="0" type="stmt"/>
      <line num="579" count="0" type="stmt"/>
      <line num="581" count="1" type="cond" truecount="1" falsecount="0"/>
      <line num="582" count="46" type="cond" truecount="1" falsecount="0"/>
      <line num="584" count="108" type="stmt"/>
      <line num="585" count="108" type="stmt"/>
      <line num="586" count="108" type="stmt"/>
      <line num="588" count="46" type="stmt"/>
      <line num="589" count="46" type="stmt"/>
      <line num="591" count="1" type="cond" truecount="1" falsecount="0"/>
      <line num="592" count="36" type="cond" truecount="0" falsecount="1"/>
      <line num="594" count="36" type="stmt"/>
      <line num="595" count="36" type="stmt"/>
      <line num="597" count="36" type="cond" truecount="1" falsecount="0"/>
      <line num="598" count="332" type="stmt"/>
      <line num="600" count="332" type="cond" truecount="1" falsecount="0"/>
      <line num="601" count="64" type="stmt"/>
      <line num="602" count="64" type="stmt"/>
      <line num="603" count="64" type="stmt"/>
      <line num="604" count="64" type="stmt"/>
      <line num="605" count="64" type="stmt"/>
      <line num="606" count="64" type="stmt"/>
      <line num="607" count="64" type="stmt"/>
      <line num="608" count="64" type="stmt"/>
      <line num="611" count="64" type="stmt"/>
      <line num="612" count="64" type="stmt"/>
      <line num="614" count="332" type="stmt"/>
      <line num="615" count="36" type="stmt"/>
      <line num="617" count="36" type="stmt"/>
      <line num="619" count="36" type="cond" truecount="1" falsecount="0"/>
      <line num="620" count="64" type="stmt"/>
      <line num="621" count="36" type="stmt"/>
      <line num="623" count="36" type="stmt"/>
      <line num="624" count="36" type="stmt"/>
      <line num="626" count="1" type="cond" truecount="1" falsecount="0"/>
      <line num="627" count="209" type="cond" truecount="1" falsecount="0"/>
      <line num="628" count="74" type="cond" truecount="1" falsecount="0"/>
      <line num="629" count="20" type="stmt"/>
      <line num="630" count="20" type="cond" truecount="0" falsecount="1"/>
      <line num="631" count="20" type="stmt"/>
      <line num="632" count="20" type="stmt"/>
      <line num="634" count="74" type="cond" truecount="1" falsecount="0"/>
      <line num="636" count="209" type="cond" truecount="2" falsecount="0"/>
      <line num="637" count="57" type="stmt"/>
      <line num="638" count="57" type="stmt"/>
      <line num="639" count="209" type="stmt"/>
      <line num="641" count="1" type="cond" truecount="1" falsecount="0"/>
      <line num="642" count="40" type="cond" truecount="1" falsecount="0"/>
      <line num="643" count="28" type="cond" truecount="1" falsecount="0"/>
      <line num="644" count="27" type="stmt"/>
      <line num="645" count="28" type="cond" truecount="1" falsecount="0"/>
      <line num="646" count="1" type="stmt"/>
      <line num="647" count="1" type="stmt"/>
      <line num="648" count="28" type="stmt"/>
      <line num="649" count="40" type="stmt"/>
      <line num="651" count="1" type="cond" truecount="1" falsecount="0"/>
      <line num="652" count="34" type="cond" truecount="0" falsecount="1"/>
      <line num="654" count="34" type="stmt"/>
      <line num="656" count="34" type="cond" truecount="1" falsecount="0"/>
      <line num="657" count="84" type="stmt"/>
      <line num="658" count="34" type="stmt"/>
      <line num="660" count="34" type="stmt"/>
      <line num="661" count="34" type="stmt"/>
      <line num="663" count="1" type="cond" truecount="1" falsecount="0"/>
      <line num="664" count="60" type="cond" truecount="2" falsecount="0"/>
      <line num="665" count="60" type="cond" truecount="4" falsecount="0"/>
      <line num="666" count="17" type="stmt"/>
      <line num="667" count="17" type="stmt"/>
      <line num="668" count="60" type="stmt"/>
      <line num="670" count="1" type="cond" truecount="1" falsecount="0"/>
      <line num="673" count="254" type="cond" truecount="2" falsecount="0"/>
      <line num="676" count="43" type="cond" truecount="1" falsecount="1"/>
      <line num="677" count="0" type="stmt"/>
      <line num="678" count="0" type="stmt"/>
      <line num="680" count="43" type="cond" truecount="1" falsecount="0"/>
      <line num="682" count="211" type="cond" truecount="3" falsecount="0"/>
      <line num="685" count="26" type="stmt"/>
      <line num="687" count="240" type="cond" truecount="1" falsecount="0"/>
      <line num="688" count="4" type="stmt"/>
      <line num="689" count="4" type="stmt"/>
      <line num="690" count="254" type="stmt"/>
      <line num="692" count="1" type="cond" truecount="1" falsecount="0"/>
      <line num="693" count="300" type="stmt"/>
      <line num="694" count="300" type="stmt"/>
      <line num="695" count="300" type="cond" truecount="2" falsecount="0"/>
      <line num="696" count="300" type="cond" truecount="1" falsecount="0"/>
      <line num="698" count="300" type="cond" truecount="4" falsecount="0"/>
      <line num="700" count="2" type="cond" truecount="0" falsecount="1"/>
      <line num="701" count="2" type="cond" truecount="1" falsecount="0"/>
      <line num="702" count="1" type="cond" truecount="1" falsecount="0"/>
      <line num="703" count="2" type="stmt"/>
      <line num="705" count="1" type="stmt"/>
      <line num="706" count="1" type="cond" truecount="1" falsecount="0"/>
      <line num="707" count="3" type="stmt"/>
      <line num="708" count="1" type="stmt"/>
      <line num="709" count="1" type="stmt"/>
      <line num="710" count="2" type="stmt"/>
      <line num="713" count="300" type="stmt"/>
      <line num="714" count="300" type="stmt"/>
      <line num="718" count="300" type="cond" truecount="3" falsecount="0"/>
      <line num="719" count="6" type="stmt"/>
      <line num="720" count="6" type="cond" truecount="1" falsecount="0"/>
      <line num="723" count="300" type="cond" truecount="2" falsecount="0"/>
      <line num="724" count="75" type="cond" truecount="1" falsecount="0"/>
      <line num="725" count="75" type="cond" truecount="1" falsecount="0"/>
      <line num="728" count="300" type="cond" truecount="3" falsecount="0"/>
      <line num="729" count="133" type="stmt"/>
      <line num="730" count="133" type="cond" truecount="1" falsecount="0"/>
      <line num="732" count="86" type="stmt"/>
      <line num="733" count="86" type="stmt"/>
      <line num="735" count="1" type="cond" truecount="1" falsecount="0"/>
      <line num="736" count="60" type="cond" truecount="0" falsecount="1"/>
      <line num="738" count="60" type="stmt"/>
      <line num="739" count="60" type="cond" truecount="1" falsecount="0"/>
      <line num="740" count="113" type="stmt"/>
      <line num="741" count="113" type="cond" truecount="2" falsecount="0"/>
      <line num="742" count="112" type="stmt"/>
      <line num="743" count="112" type="stmt"/>
      <line num="744" count="60" type="stmt"/>
      <line num="746" count="60" type="stmt"/>
      <line num="747" count="60" type="cond" truecount="1" falsecount="0"/>
      <line num="749" count="60" type="stmt"/>
      <line num="750" count="60" type="stmt"/>
      <line num="752" count="1" type="cond" truecount="1" falsecount="0"/>
      <line num="753" count="4" type="cond" truecount="2" falsecount="0"/>
      <line num="754" count="4" type="cond" truecount="1" falsecount="0"/>
      <line num="755" count="4" type="stmt"/>
      <line num="757" count="1" type="cond" truecount="1" falsecount="0"/>
      <line num="758" count="6" type="cond" truecount="0" falsecount="1"/>
      <line num="760" count="6" type="stmt"/>
      <line num="762" count="6" type="stmt"/>
      <line num="763" count="6" type="cond" truecount="1" falsecount="0"/>
      <line num="764" count="3" type="stmt"/>
      <line num="765" count="3" type="stmt"/>
      <line num="766" count="3" type="cond" truecount="1" falsecount="0"/>
      <line num="767" count="6" type="stmt"/>
      <line num="768" count="3" type="stmt"/>
      <line num="769" count="3" type="stmt"/>
      <line num="770" count="6" type="stmt"/>
      <line num="771" count="6" type="stmt"/>
      <line num="773" count="1" type="cond" truecount="1" falsecount="0"/>
      <line num="774" count="189" type="cond" truecount="3" falsecount="0"/>
      <line num="775" count="189" type="cond" truecount="1" falsecount="0"/>
      <line num="776" count="53" type="stmt"/>
      <line num="777" count="53" type="cond" truecount="1" falsecount="0"/>
      <line num="778" count="189" type="stmt"/>
      <line num="779" count="189" type="stmt"/>
      <line num="780" count="189" type="stmt"/>
      <line num="782" count="1" type="cond" truecount="1" falsecount="0"/>
      <line num="783" count="20" type="cond" truecount="0" falsecount="1"/>
      <line num="784" count="20" type="cond" truecount="2" falsecount="0"/>
      <line num="785" count="17" type="stmt"/>
      <line num="786" count="17" type="stmt"/>
      <line num="787" count="17" type="stmt"/>
      <line num="788" count="17" type="stmt"/>
      <line num="789" count="17" type="stmt"/>
      <line num="790" count="17" type="stmt"/>
      <line num="791" count="20" type="stmt"/>
      <line num="793" count="1" type="cond" truecount="1" falsecount="0"/>
      <line num="794" count="54" type="stmt"/>
      <line num="795" count="54" type="cond" truecount="0" falsecount="1"/>
      <line num="796" count="54" type="cond" truecount="0" falsecount="2"/>
      <line num="797" count="54" type="stmt"/>
      <line num="798" count="54" type="stmt"/>
      <line num="800" count="1" type="cond" truecount="1" falsecount="0"/>
      <line num="801" count="204" type="cond" truecount="1" falsecount="0"/>
      <line num="802" count="202" type="stmt"/>
      <line num="803" count="202" type="stmt"/>
      <line num="804" count="204" type="stmt"/>
      <line num="805" count="204" type="stmt"/>
      <line num="807" count="1" type="cond" truecount="1" falsecount="0"/>
      <line num="808" count="1" type="stmt"/>
      <line num="809" count="1" type="cond" truecount="1" falsecount="0"/>
      <line num="810" count="1" type="stmt"/>
      <line num="811" count="1" type="stmt"/>
      <line num="812" count="1" type="stmt"/>
      <line num="814" count="1" type="cond" truecount="1" falsecount="0"/>
      <line num="815" count="23" type="stmt"/>
      <line num="816" count="23" type="cond" truecount="5" falsecount="1"/>
      <line num="817" count="3" type="stmt"/>
      <line num="818" count="3" type="stmt"/>
      <line num="819" count="23" type="stmt"/>
      <line num="821" count="1" type="cond" truecount="1" falsecount="0"/>
      <line num="822" count="209" type="cond" truecount="1" falsecount="0"/>
      <line num="823" count="1" type="stmt"/>
      <line num="825" count="1" type="cond" truecount="1" falsecount="0"/>
      <line num="826" count="46" type="cond" truecount="2" falsecount="0"/>
      <line num="827" count="42" type="stmt"/>
      <line num="828" count="42" type="stmt"/>
      <line num="830" count="1" type="cond" truecount="1" falsecount="0"/>
      <line num="831" count="1" type="cond" truecount="0" falsecount="1"/>
      <line num="832" count="1" type="stmt"/>
      <line num="833" count="1" type="stmt"/>
      <line num="835" count="1" type="cond" truecount="1" falsecount="0"/>
      <line num="836" count="25" type="cond" truecount="2" falsecount="0"/>
      <line num="837" count="25" type="cond" truecount="3" falsecount="0"/>
      <line num="838" count="20" type="stmt"/>
      <line num="839" count="20" type="stmt"/>
      <line num="840" count="20" type="stmt"/>
      <line num="841" count="20" type="stmt"/>
      <line num="842" count="25" type="stmt"/>
      <line num="844" count="1" type="cond" truecount="1" falsecount="0"/>
      <line num="845" count="64" type="cond" truecount="1" falsecount="0"/>
      <line num="846" count="546" type="cond" truecount="1" falsecount="0"/>
      <line num="849" count="64" type="cond" truecount="1" falsecount="0"/>
      <line num="850" count="3" type="stmt"/>
      <line num="851" count="3" type="cond" truecount="1" falsecount="0"/>
      <line num="854" count="61" type="stmt"/>
      <line num="855" count="61" type="stmt"/>
      <line num="858" count="61" type="stmt"/>
      <line num="860" count="64" type="cond" truecount="1" falsecount="0"/>
      <line num="861" count="43" type="cond" truecount="1" falsecount="0"/>
      <line num="862" count="64" type="cond" truecount="1" falsecount="0"/>
      <line num="864" count="18" type="cond" truecount="0" falsecount="1"/>
      <line num="865" count="18" type="cond" truecount="1" falsecount="0"/>
      <line num="868" count="61" type="stmt"/>
      <line num="869" count="64" type="cond" truecount="1" falsecount="0"/>
      <line num="870" count="59" type="stmt"/>
      <line num="871" count="64" type="cond" truecount="1" falsecount="0"/>
      <line num="872" count="2" type="stmt"/>
      <line num="873" count="2" type="cond" truecount="1" falsecount="0"/>
      <line num="876" count="61" type="stmt"/>
      <line num="877" count="61" type="cond" truecount="1" falsecount="0"/>
      <line num="878" count="61" type="stmt"/>
      <line num="880" count="1" type="cond" truecount="1" falsecount="0"/>
      <line num="881" count="1229" type="cond" truecount="2" falsecount="0"/>
      <line num="882" count="1229" type="cond" truecount="2" falsecount="1"/>
      <line num="883" count="1229" type="stmt"/>
      <line num="884" count="1229" type="stmt"/>
      <line num="886" count="1" type="cond" truecount="1" falsecount="0"/>
      <line num="887" count="20" type="cond" truecount="2" falsecount="0"/>
      <line num="888" count="20" type="stmt"/>
      <line num="890" count="1" type="cond" truecount="1" falsecount="0"/>
      <line num="891" count="135" type="cond" truecount="0" falsecount="1"/>
      <line num="892" count="135" type="stmt"/>
      <line num="893" count="135" type="cond" truecount="2" falsecount="0"/>
      <line num="894" count="135" type="stmt"/>
      <line num="896" count="1" type="cond" truecount="1" falsecount="0"/>
      <line num="897" count="328" type="cond" truecount="3" falsecount="0"/>
      <line num="898" count="135" type="cond" truecount="1" falsecount="0"/>
      <line num="899" count="135" type="stmt"/>
      <line num="900" count="135" type="stmt"/>
      <line num="901" count="135" type="stmt"/>
      <line num="903" count="1" type="cond" truecount="1" falsecount="0"/>
      <line num="904" count="39" type="stmt"/>
      <line num="905" count="39" type="stmt"/>
      <line num="906" count="39" type="stmt"/>
      <line num="907" count="39" type="stmt"/>
      <line num="908" count="39" type="stmt"/>
      <line num="911" count="1" type="cond" truecount="1" falsecount="0"/>
      <line num="914" count="1" type="cond" truecount="1" falsecount="0"/>
      <line num="915" count="1" type="stmt"/>
      <line num="918" count="1" type="stmt"/>
      <line num="919" count="1" type="stmt"/>
      <line num="920" count="1" type="stmt"/>
      <line num="921" count="1" type="stmt"/>
      <line num="922" count="1" type="stmt"/>
      <line num="923" count="1" type="cond" truecount="2" falsecount="0"/>
      <line num="926" count="1" type="cond" truecount="1" falsecount="0"/>
      <line num="929" count="1" type="cond" truecount="2" falsecount="0"/>
      <line num="932" count="1" type="stmt"/>
      <line num="933" count="1" type="stmt"/>
      <line num="934" count="1" type="cond" truecount="1" falsecount="0"/>
      <line num="935" count="1" type="stmt"/>
      <line num="936" count="1" type="stmt"/>
      <line num="937" count="1" type="stmt"/>
      <line num="938" count="1" type="cond" truecount="1" falsecount="0"/>
      <line num="939" count="1" type="stmt"/>
      <line num="940" count="1" type="stmt"/>
      <line num="941" count="1" type="stmt"/>
      <line num="947" count="1" type="cond" truecount="3" falsecount="0"/>
      <line num="948" count="1" type="cond" truecount="2" falsecount="0"/>
      <line num="949" count="1" type="cond" truecount="1" falsecount="0"/>
      <line num="951" count="1" type="cond" truecount="1" falsecount="0"/>
      <line num="952" count="1" type="stmt"/>
      <line num="953" count="1" type="cond" truecount="1" falsecount="0"/>
      <line num="954" count="25" type="stmt"/>
      <line num="955" count="25" type="stmt"/>
      <line num="956" count="1" type="stmt"/>
      <line num="957" count="1" type="cond" truecount="1" falsecount="0"/>
      <line num="958" count="1" type="stmt"/>
      <line num="959" count="1" type="stmt"/>
      <line num="960" count="1" type="stmt"/>
      <line num="966" count="1" type="stmt"/>
      <line num="967" count="1" type="stmt"/>
      <line num="968" count="1" type="stmt"/>
      <line num="969" count="1" type="stmt"/>
      <line num="970" count="1" type="stmt"/>
      <line num="971" count="1" type="stmt"/>
      <line num="973" count="1" type="cond" truecount="3" falsecount="0"/>
      <line num="975" count="1" type="cond" truecount="1" falsecount="0"/>
      <line num="980" count="1" type="cond" truecount="1" falsecount="0"/>
      <line num="983" count="1" type="cond" truecount="2" falsecount="0"/>
      <line num="996" count="1" type="cond" truecount="1" falsecount="0"/>
      <line num="997" count="1" type="stmt"/>
      <line num="999" count="1" type="stmt"/>
      <line num="1011" count="1" type="cond" truecount="1" falsecount="0"/>
      <line num="1012" count="1" type="cond" truecount="2" falsecount="0"/>
      <line num="1013" count="1" type="cond" truecount="3" falsecount="0"/>
      <line num="1016" count="1" type="stmt"/>
      <line num="1018" count="1" type="cond" truecount="1" falsecount="0"/>
      <line num="1019" count="3" type="stmt"/>
      <line num="1020" count="3" type="cond" truecount="2" falsecount="0"/>
      <line num="1021" count="1" type="stmt"/>
      <line num="1022" count="1" type="cond" truecount="1" falsecount="0"/>
      <line num="1023" count="1" type="stmt"/>
      <line num="1024" count="1" type="stmt"/>
      <line num="1025" count="1" type="stmt"/>
      <line num="1029" count="1" type="cond" truecount="4" falsecount="0"/>
      <line num="1031" count="1" type="cond" truecount="1" falsecount="0"/>
      <line num="1035" count="1" type="cond" truecount="3" falsecount="0"/>
      <line num="1038" count="1" type="cond" truecount="1" falsecount="0"/>
      <line num="1039" count="5" type="stmt"/>
      <line num="1040" count="5" type="stmt"/>
      <line num="1041" count="5" type="stmt"/>
      <line num="1042" count="1" type="stmt"/>
      <line num="1053" count="1" type="cond" truecount="2" falsecount="0"/>
      <line num="1055" count="1" type="cond" truecount="2" falsecount="0"/>
      <line num="1057" count="1" type="cond" truecount="2" falsecount="1"/>
      <line num="1064" count="1" type="stmt"/>
      <line num="1065" count="1" type="stmt"/>
      <line num="1066" count="1" type="stmt"/>
      <line num="1067" count="1" type="stmt"/>
      <line num="1068" count="1" type="stmt"/>
      <line num="1069" count="1" type="stmt"/>
      <line num="1070" count="1" type="cond" truecount="2" falsecount="0"/>
      <line num="1071" count="1" type="stmt"/>
      <line num="1072" count="1" type="stmt"/>
      <line num="1073" count="1" type="stmt"/>
      <line num="1078" count="1" type="cond" truecount="1" falsecount="0"/>
      <line num="1088" count="1" type="cond" truecount="1" falsecount="0"/>
      <line num="1089" count="1" type="stmt"/>
      <line num="1098" count="1" type="cond" truecount="1" falsecount="0"/>
      <line num="1101" count="1" type="cond" truecount="2" falsecount="0"/>
      <line num="1109" count="1" type="cond" truecount="2" falsecount="0"/>
      <line num="1111" count="1" type="cond" truecount="5" falsecount="0"/>
      <line num="1114" count="1" type="cond" truecount="0" falsecount="2"/>
      <line num="1116" count="1" type="stmt"/>
    </file>
    <file name="SimpleSelect.svelte" path="/home/chris/projects/svelte-5-select/src/lib/SimpleSelect.svelte">
      <metrics statements="5" coveredstatements="0" conditionals="1" coveredconditionals="0" methods="1" coveredmethods="0"/>
      <line num="1" count="0" type="cond" truecount="0" falsecount="1"/>
      <line num="6" count="0" type="stmt"/>
      <line num="7" count="0" type="stmt"/>
      <line num="8" count="0" type="stmt"/>
      <line num="15" count="0" type="stmt"/>
    </file>
    <file name="aria-handlers.svelte.ts" path="/home/chris/projects/svelte-5-select/src/lib/aria-handlers.svelte.ts">
      <metrics statements="29" coveredstatements="29" conditionals="21" coveredconditionals="21" methods="3" coveredmethods="3"/>
      <line num="18" count="1" type="cond" truecount="1" falsecount="0"/>
      <line num="19" count="219" type="stmt"/>
      <line num="21" count="219" type="cond" truecount="1" falsecount="0"/>
      <line num="22" count="137" type="stmt"/>
      <line num="24" count="137" type="cond" truecount="2" falsecount="0"/>
      <line num="26" count="135" type="stmt"/>
      <line num="28" count="137" type="cond" truecount="1" falsecount="0"/>
      <line num="29" count="5" type="stmt"/>
      <line num="30" count="137" type="cond" truecount="4" falsecount="0"/>
      <line num="31" count="44" type="cond" truecount="1" falsecount="0"/>
      <line num="32" count="130" type="cond" truecount="3" falsecount="0"/>
      <line num="33" count="84" type="stmt"/>
      <line num="34" count="84" type="cond" truecount="1" falsecount="0"/>
      <line num="36" count="137" type="cond" truecount="1" falsecount="0"/>
      <line num="37" count="137" type="stmt"/>
      <line num="39" count="219" type="cond" truecount="1" falsecount="0"/>
      <line num="40" count="339" type="stmt"/>
      <line num="42" count="339" type="cond" truecount="2" falsecount="0"/>
      <line num="44" count="285" type="stmt"/>
      <line num="46" count="339" type="cond" truecount="2" falsecount="0"/>
      <line num="47" count="196" type="stmt"/>
      <line num="48" count="196" type="stmt"/>
      <line num="49" count="339" type="cond" truecount="1" falsecount="0"/>
      <line num="50" count="89" type="stmt"/>
      <line num="51" count="89" type="stmt"/>
      <line num="52" count="339" type="stmt"/>
      <line num="55" count="219" type="stmt"/>
      <line num="56" count="219" type="stmt"/>
      <line num="58" count="219" type="stmt"/>
    </file>
    <file name="filter.ts" path="/home/chris/projects/svelte-5-select/src/lib/filter.ts">
      <metrics statements="40" coveredstatements="40" conditionals="18" coveredconditionals="18" methods="1" coveredmethods="1"/>
      <line num="2" count="1" type="stmt"/>
      <line num="4" count="414" type="cond" truecount="1" falsecount="0"/>
      <line num="5" count="414" type="stmt"/>
      <line num="6" count="414" type="stmt"/>
      <line num="7" count="414" type="stmt"/>
      <line num="8" count="414" type="stmt"/>
      <line num="9" count="414" type="stmt"/>
      <line num="10" count="414" type="stmt"/>
      <line num="11" count="414" type="stmt"/>
      <line num="12" count="414" type="stmt"/>
      <line num="13" count="414" type="stmt"/>
      <line num="14" count="414" type="stmt"/>
      <line num="15" count="414" type="stmt"/>
      <line num="16" count="414" type="stmt"/>
      <line num="17" count="414" type="stmt"/>
      <line num="18" count="414" type="cond" truecount="2" falsecount="0"/>
      <line num="19" count="1" type="stmt"/>
      <line num="20" count="1" type="cond" truecount="1" falsecount="0"/>
      <line num="23" count="414" type="cond" truecount="1" falsecount="0"/>
      <line num="24" count="49" type="stmt"/>
      <line num="25" count="49" type="cond" truecount="1" falsecount="0"/>
      <line num="27" count="364" type="stmt"/>
      <line num="29" count="364" type="stmt"/>
      <line num="30" count="414" type="cond" truecount="1" falsecount="0"/>
      <line num="31" count="40" type="stmt"/>
      <line num="32" count="40" type="cond" truecount="1" falsecount="0"/>
      <line num="35" count="364" type="cond" truecount="1" falsecount="0"/>
      <line num="36" count="1778" type="stmt"/>
      <line num="38" count="1778" type="cond" truecount="4" falsecount="0"/>
      <line num="39" count="446" type="cond" truecount="1" falsecount="0"/>
      <line num="40" count="678" type="cond" truecount="2" falsecount="0"/>
      <line num="41" count="446" type="stmt"/>
      <line num="42" count="446" type="stmt"/>
      <line num="44" count="1778" type="stmt"/>
      <line num="45" count="364" type="stmt"/>
      <line num="48" count="414" type="cond" truecount="1" falsecount="0"/>
      <line num="49" count="37" type="stmt"/>
      <line num="50" count="37" type="cond" truecount="1" falsecount="0"/>
      <line num="52" count="364" type="stmt"/>
      <line num="53" count="364" type="stmt"/>
    </file>
    <file name="keyboard-navigation.svelte.ts" path="/home/chris/projects/svelte-5-select/src/lib/keyboard-navigation.svelte.ts">
      <metrics statements="106" coveredstatements="106" conditionals="55" coveredconditionals="55" methods="10" coveredmethods="10"/>
      <line num="4" count="1" type="cond" truecount="1" falsecount="0"/>
      <line num="5" count="234" type="cond" truecount="1" falsecount="0"/>
      <line num="6" count="146" type="stmt"/>
      <line num="8" count="146" type="stmt"/>
      <line num="9" count="146" type="cond" truecount="3" falsecount="0"/>
      <line num="11" count="140" type="stmt"/>
      <line num="12" count="140" type="stmt"/>
      <line num="13" count="140" type="stmt"/>
      <line num="14" count="140" type="stmt"/>
      <line num="15" count="140" type="stmt"/>
      <line num="16" count="140" type="stmt"/>
      <line num="17" count="140" type="stmt"/>
      <line num="18" count="140" type="stmt"/>
      <line num="19" count="140" type="stmt"/>
      <line num="22" count="140" type="stmt"/>
      <line num="23" count="145" type="cond" truecount="1" falsecount="0"/>
      <line num="24" count="118" type="stmt"/>
      <line num="25" count="118" type="stmt"/>
      <line num="26" count="146" type="stmt"/>
      <line num="28" count="234" type="cond" truecount="1" falsecount="0"/>
      <line num="29" count="2" type="stmt"/>
      <line num="30" count="2" type="stmt"/>
      <line num="31" count="2" type="stmt"/>
      <line num="33" count="234" type="cond" truecount="1" falsecount="0"/>
      <line num="34" count="30" type="stmt"/>
      <line num="36" count="30" type="stmt"/>
      <line num="38" count="30" type="cond" truecount="2" falsecount="0"/>
      <line num="39" count="29" type="cond" truecount="2" falsecount="0"/>
      <line num="41" count="27" type="stmt"/>
      <line num="43" count="30" type="cond" truecount="2" falsecount="0"/>
      <line num="44" count="2" type="stmt"/>
      <line num="45" count="30" type="cond" truecount="1" falsecount="0"/>
      <line num="46" count="25" type="stmt"/>
      <line num="47" count="25" type="stmt"/>
      <line num="48" count="30" type="stmt"/>
      <line num="50" count="234" type="cond" truecount="1" falsecount="0"/>
      <line num="51" count="54" type="stmt"/>
      <line num="53" count="54" type="stmt"/>
      <line num="55" count="54" type="cond" truecount="1" falsecount="0"/>
      <line num="56" count="45" type="stmt"/>
      <line num="57" count="54" type="cond" truecount="1" falsecount="0"/>
      <line num="58" count="9" type="stmt"/>
      <line num="59" count="9" type="stmt"/>
      <line num="60" count="9" type="stmt"/>
      <line num="61" count="54" type="stmt"/>
      <line num="63" count="234" type="cond" truecount="1" falsecount="0"/>
      <line num="64" count="3" type="stmt"/>
      <line num="66" count="3" type="stmt"/>
      <line num="68" count="3" type="cond" truecount="1" falsecount="0"/>
      <line num="69" count="2" type="stmt"/>
      <line num="70" count="3" type="cond" truecount="1" falsecount="0"/>
      <line num="71" count="1" type="stmt"/>
      <line num="72" count="1" type="stmt"/>
      <line num="73" count="1" type="stmt"/>
      <line num="74" count="3" type="stmt"/>
      <line num="76" count="234" type="cond" truecount="1" falsecount="0"/>
      <line num="77" count="5" type="stmt"/>
      <line num="79" count="5" type="cond" truecount="3" falsecount="0"/>
      <line num="81" count="5" type="cond" truecount="2" falsecount="0"/>
      <line num="82" count="1" type="stmt"/>
      <line num="84" count="1" type="stmt"/>
      <line num="86" count="3" type="stmt"/>
      <line num="87" count="3" type="stmt"/>
      <line num="88" count="3" type="stmt"/>
      <line num="89" count="3" type="stmt"/>
      <line num="91" count="234" type="cond" truecount="1" falsecount="0"/>
      <line num="92" count="8" type="stmt"/>
      <line num="94" count="8" type="cond" truecount="3" falsecount="0"/>
      <line num="96" count="8" type="cond" truecount="2" falsecount="0"/>
      <line num="97" count="5" type="cond" truecount="2" falsecount="0"/>
      <line num="98" count="5" type="stmt"/>
      <line num="100" count="5" type="cond" truecount="3" falsecount="0"/>
      <line num="102" count="5" type="cond" truecount="2" falsecount="0"/>
      <line num="103" count="5" type="stmt"/>
      <line num="104" count="5" type="stmt"/>
      <line num="105" count="8" type="stmt"/>
      <line num="107" count="234" type="cond" truecount="1" falsecount="0"/>
      <line num="108" count="11" type="stmt"/>
      <line num="110" count="11" type="cond" truecount="2" falsecount="0"/>
      <line num="112" count="11" type="cond" truecount="1" falsecount="0"/>
      <line num="113" count="9" type="cond" truecount="1" falsecount="0"/>
      <line num="114" count="2" type="stmt"/>
      <line num="115" count="9" type="cond" truecount="3" falsecount="0"/>
      <line num="116" count="5" type="stmt"/>
      <line num="117" count="5" type="stmt"/>
      <line num="118" count="9" type="stmt"/>
      <line num="119" count="11" type="stmt"/>
      <line num="121" count="234" type="cond" truecount="1" falsecount="0"/>
      <line num="122" count="5" type="stmt"/>
      <line num="124" count="5" type="cond" truecount="3" falsecount="0"/>
      <line num="126" count="5" type="cond" truecount="1" falsecount="0"/>
      <line num="127" count="1" type="stmt"/>
      <line num="128" count="5" type="cond" truecount="2" falsecount="0"/>
      <line num="129" count="2" type="stmt"/>
      <line num="130" count="2" type="stmt"/>
      <line num="131" count="5" type="stmt"/>
      <line num="134" count="234" type="stmt"/>
      <line num="135" count="234" type="stmt"/>
      <line num="136" count="234" type="stmt"/>
      <line num="137" count="234" type="stmt"/>
      <line num="138" count="234" type="stmt"/>
      <line num="139" count="234" type="stmt"/>
      <line num="140" count="234" type="stmt"/>
      <line num="141" count="234" type="stmt"/>
      <line num="142" count="234" type="stmt"/>
      <line num="144" count="234" type="stmt"/>
    </file>
    <file name="utils.ts" path="/home/chris/projects/svelte-5-select/src/lib/utils.ts">
      <metrics statements="26" coveredstatements="24" conditionals="16" coveredconditionals="15" methods="7" coveredmethods="6"/>
      <line num="3" count="1" type="cond" truecount="1" falsecount="0"/>
      <line num="4" count="2052" type="cond" truecount="2" falsecount="0"/>
      <line num="5" count="2052" type="stmt"/>
      <line num="7" count="1" type="cond" truecount="1" falsecount="0"/>
      <line num="8" count="1859" type="cond" truecount="4" falsecount="0"/>
      <line num="9" count="1026" type="stmt"/>
      <line num="10" count="1026" type="stmt"/>
      <line num="12" count="1" type="stmt"/>
      <line num="13" count="0" type="stmt"/>
      <line num="14" count="0" type="stmt"/>
      <line num="16" count="1" type="cond" truecount="1" falsecount="0"/>
      <line num="17" count="364" type="cond" truecount="2" falsecount="0"/>
      <line num="18" count="364" type="stmt"/>
      <line num="20" count="1" type="cond" truecount="1" falsecount="0"/>
      <line num="21" count="252" type="cond" truecount="0" falsecount="1"/>
      <line num="22" count="252" type="cond" truecount="1" falsecount="0"/>
      <line num="23" count="252" type="stmt"/>
      <line num="25" count="1" type="cond" truecount="1" falsecount="0"/>
      <line num="26" count="168" type="stmt"/>
      <line num="27" count="168" type="stmt"/>
      <line num="29" count="1" type="cond" truecount="1" falsecount="0"/>
      <line num="30" count="60" type="stmt"/>
      <line num="31" count="60" type="stmt"/>
      <line num="32" count="60" type="stmt"/>
      <line num="33" count="60" type="stmt"/>
      <line num="34" count="60" type="stmt"/>
    </file>
  </project>
</coverage>
