{"/home/chris/projects/svelte-5-select/src/lib/Select.svelte": {"path":"/home/chris/projects/svelte-5-select/src/lib/Select.svelte","all":false,"statementMap":{"0":{"start":{"line":1,"column":0},"end":{"line":1,"column":31}},"18":{"start":{"line":19,"column":0},"end":{"line":19,"column":97}},"19":{"start":{"line":20,"column":0},"end":{"line":20,"column":69}},"21":{"start":{"line":22,"column":0},"end":{"line":22,"column":52}},"22":{"start":{"line":23,"column":0},"end":{"line":23,"column":64}},"23":{"start":{"line":24,"column":0},"end":{"line":24,"column":60}},"25":{"start":{"line":26,"column":0},"end":{"line":26,"column":58}},"26":{"start":{"line":27,"column":0},"end":{"line":27,"column":35}},"30":{"start":{"line":31,"column":0},"end":{"line":31,"column":35}},"31":{"start":{"line":32,"column":0},"end":{"line":32,"column":25}},"32":{"start":{"line":33,"column":0},"end":{"line":33,"column":64}},"33":{"start":{"line":34,"column":0},"end":{"line":34,"column":32}},"34":{"start":{"line":35,"column":0},"end":{"line":35,"column":24}},"35":{"start":{"line":36,"column":0},"end":{"line":36,"column":28}},"38":{"start":{"line":39,"column":0},"end":{"line":39,"column":25}},"39":{"start":{"line":40,"column":0},"end":{"line":40,"column":35}},"40":{"start":{"line":41,"column":0},"end":{"line":41,"column":25}},"41":{"start":{"line":42,"column":0},"end":{"line":42,"column":18}},"42":{"start":{"line":43,"column":0},"end":{"line":43,"column":36}},"43":{"start":{"line":44,"column":0},"end":{"line":44,"column":35}},"44":{"start":{"line":45,"column":0},"end":{"line":45,"column":20}},"45":{"start":{"line":46,"column":0},"end":{"line":46,"column":38}},"46":{"start":{"line":47,"column":0},"end":{"line":47,"column":38}},"47":{"start":{"line":48,"column":0},"end":{"line":48,"column":28}},"50":{"start":{"line":51,"column":0},"end":{"line":51,"column":25}},"51":{"start":{"line":52,"column":0},"end":{"line":52,"column":37}},"52":{"start":{"line":53,"column":0},"end":{"line":53,"column":33}},"53":{"start":{"line":54,"column":0},"end":{"line":54,"column":35}},"54":{"start":{"line":55,"column":0},"end":{"line":55,"column":38}},"55":{"start":{"line":56,"column":0},"end":{"line":56,"column":39}},"56":{"start":{"line":57,"column":0},"end":{"line":57,"column":25}},"57":{"start":{"line":58,"column":0},"end":{"line":58,"column":25}},"58":{"start":{"line":59,"column":0},"end":{"line":59,"column":26}},"59":{"start":{"line":60,"column":0},"end":{"line":60,"column":29}},"62":{"start":{"line":63,"column":0},"end":{"line":63,"column":29}},"63":{"start":{"line":64,"column":0},"end":{"line":64,"column":25}},"64":{"start":{"line":65,"column":0},"end":{"line":65,"column":23}},"65":{"start":{"line":66,"column":0},"end":{"line":66,"column":31}},"68":{"start":{"line":69,"column":0},"end":{"line":69,"column":27}},"69":{"start":{"line":70,"column":0},"end":{"line":70,"column":28}},"70":{"start":{"line":71,"column":0},"end":{"line":71,"column":38}},"71":{"start":{"line":72,"column":0},"end":{"line":72,"column":29}},"72":{"start":{"line":73,"column":0},"end":{"line":73,"column":29}},"73":{"start":{"line":74,"column":0},"end":{"line":74,"column":23}},"74":{"start":{"line":75,"column":0},"end":{"line":75,"column":29}},"77":{"start":{"line":78,"column":0},"end":{"line":78,"column":75}},"78":{"start":{"line":79,"column":0},"end":{"line":79,"column":67}},"79":{"start":{"line":80,"column":0},"end":{"line":80,"column":10}},"80":{"start":{"line":81,"column":0},"end":{"line":81,"column":50}},"81":{"start":{"line":82,"column":0},"end":{"line":82,"column":34}},"82":{"start":{"line":83,"column":0},"end":{"line":83,"column":43}},"83":{"start":{"line":84,"column":0},"end":{"line":84,"column":10}},"84":{"start":{"line":85,"column":0},"end":{"line":85,"column":25}},"85":{"start":{"line":86,"column":0},"end":{"line":86,"column":34}},"86":{"start":{"line":87,"column":0},"end":{"line":87,"column":33}},"87":{"start":{"line":88,"column":0},"end":{"line":88,"column":10}},"88":{"start":{"line":89,"column":0},"end":{"line":89,"column":28}},"89":{"start":{"line":90,"column":0},"end":{"line":90,"column":51}},"90":{"start":{"line":91,"column":0},"end":{"line":91,"column":39}},"91":{"start":{"line":92,"column":0},"end":{"line":92,"column":32}},"94":{"start":{"line":95,"column":0},"end":{"line":95,"column":29}},"96":{"start":{"line":97,"column":0},"end":{"line":97,"column":10}},"97":{"start":{"line":98,"column":0},"end":{"line":98,"column":58}},"98":{"start":{"line":99,"column":0},"end":{"line":99,"column":105}},"99":{"start":{"line":100,"column":0},"end":{"line":100,"column":10}},"100":{"start":{"line":101,"column":0},"end":{"line":101,"column":42}},"101":{"start":{"line":102,"column":0},"end":{"line":102,"column":49}},"102":{"start":{"line":103,"column":0},"end":{"line":103,"column":10}},"105":{"start":{"line":106,"column":0},"end":{"line":106,"column":41}},"108":{"start":{"line":109,"column":0},"end":{"line":109,"column":26}},"109":{"start":{"line":110,"column":0},"end":{"line":110,"column":28}},"110":{"start":{"line":111,"column":0},"end":{"line":111,"column":27}},"111":{"start":{"line":112,"column":0},"end":{"line":112,"column":33}},"112":{"start":{"line":113,"column":0},"end":{"line":113,"column":28}},"113":{"start":{"line":114,"column":0},"end":{"line":114,"column":27}},"114":{"start":{"line":115,"column":0},"end":{"line":115,"column":31}},"115":{"start":{"line":116,"column":0},"end":{"line":116,"column":27}},"116":{"start":{"line":117,"column":0},"end":{"line":117,"column":35}},"117":{"start":{"line":118,"column":0},"end":{"line":118,"column":28}},"135":{"start":{"line":136,"column":0},"end":{"line":136,"column":30}},"136":{"start":{"line":137,"column":0},"end":{"line":137,"column":26}},"137":{"start":{"line":138,"column":0},"end":{"line":138,"column":15}},"140":{"start":{"line":141,"column":0},"end":{"line":141,"column":69}},"141":{"start":{"line":142,"column":0},"end":{"line":142,"column":14}},"142":{"start":{"line":143,"column":0},"end":{"line":143,"column":18}},"143":{"start":{"line":144,"column":0},"end":{"line":144,"column":39}},"144":{"start":{"line":145,"column":0},"end":{"line":145,"column":41}},"145":{"start":{"line":146,"column":0},"end":{"line":146,"column":23}},"148":{"start":{"line":149,"column":0},"end":{"line":149,"column":33}},"149":{"start":{"line":150,"column":0},"end":{"line":150,"column":31}},"150":{"start":{"line":151,"column":0},"end":{"line":151,"column":28}},"151":{"start":{"line":152,"column":0},"end":{"line":152,"column":27}},"152":{"start":{"line":153,"column":0},"end":{"line":153,"column":26}},"153":{"start":{"line":154,"column":0},"end":{"line":154,"column":20}},"154":{"start":{"line":155,"column":0},"end":{"line":155,"column":21}},"155":{"start":{"line":156,"column":0},"end":{"line":156,"column":36}},"158":{"start":{"line":159,"column":0},"end":{"line":159,"column":42}},"159":{"start":{"line":160,"column":0},"end":{"line":160,"column":19}},"160":{"start":{"line":161,"column":0},"end":{"line":161,"column":21}},"161":{"start":{"line":162,"column":0},"end":{"line":162,"column":20}},"164":{"start":{"line":165,"column":0},"end":{"line":165,"column":45}},"165":{"start":{"line":166,"column":0},"end":{"line":166,"column":26}},"166":{"start":{"line":167,"column":0},"end":{"line":167,"column":23}},"167":{"start":{"line":168,"column":0},"end":{"line":168,"column":26}},"168":{"start":{"line":169,"column":0},"end":{"line":169,"column":20}},"169":{"start":{"line":170,"column":0},"end":{"line":170,"column":22}},"170":{"start":{"line":171,"column":0},"end":{"line":171,"column":6}},"172":{"start":{"line":173,"column":0},"end":{"line":173,"column":52}},"173":{"start":{"line":174,"column":0},"end":{"line":174,"column":58}},"174":{"start":{"line":175,"column":0},"end":{"line":175,"column":31}},"175":{"start":{"line":176,"column":0},"end":{"line":176,"column":49}},"176":{"start":{"line":177,"column":0},"end":{"line":177,"column":64}},"177":{"start":{"line":178,"column":0},"end":{"line":178,"column":34}},"178":{"start":{"line":179,"column":0},"end":{"line":179,"column":35}},"179":{"start":{"line":180,"column":0},"end":{"line":180,"column":20}},"180":{"start":{"line":181,"column":0},"end":{"line":181,"column":30}},"181":{"start":{"line":182,"column":0},"end":{"line":182,"column":32}},"182":{"start":{"line":183,"column":0},"end":{"line":183,"column":27}},"184":{"start":{"line":185,"column":0},"end":{"line":185,"column":60}},"185":{"start":{"line":186,"column":0},"end":{"line":186,"column":85}},"186":{"start":{"line":187,"column":0},"end":{"line":187,"column":35}},"187":{"start":{"line":188,"column":0},"end":{"line":188,"column":33}},"188":{"start":{"line":189,"column":0},"end":{"line":189,"column":67}},"189":{"start":{"line":190,"column":0},"end":{"line":190,"column":36}},"190":{"start":{"line":191,"column":0},"end":{"line":191,"column":32}},"191":{"start":{"line":192,"column":0},"end":{"line":192,"column":33}},"192":{"start":{"line":193,"column":0},"end":{"line":193,"column":35}},"193":{"start":{"line":194,"column":0},"end":{"line":194,"column":41}},"194":{"start":{"line":195,"column":0},"end":{"line":195,"column":25}},"195":{"start":{"line":196,"column":0},"end":{"line":196,"column":45}},"196":{"start":{"line":197,"column":0},"end":{"line":197,"column":29}},"197":{"start":{"line":198,"column":0},"end":{"line":198,"column":42}},"199":{"start":{"line":200,"column":0},"end":{"line":200,"column":29}},"200":{"start":{"line":201,"column":0},"end":{"line":201,"column":54}},"202":{"start":{"line":203,"column":0},"end":{"line":203,"column":36}},"203":{"start":{"line":204,"column":0},"end":{"line":204,"column":41}},"205":{"start":{"line":206,"column":0},"end":{"line":206,"column":49}},"207":{"start":{"line":208,"column":0},"end":{"line":208,"column":31}},"208":{"start":{"line":209,"column":0},"end":{"line":209,"column":40}},"209":{"start":{"line":210,"column":0},"end":{"line":210,"column":18}},"210":{"start":{"line":211,"column":0},"end":{"line":211,"column":26}},"211":{"start":{"line":212,"column":0},"end":{"line":212,"column":27}},"212":{"start":{"line":213,"column":0},"end":{"line":213,"column":21}},"213":{"start":{"line":214,"column":0},"end":{"line":214,"column":21}},"214":{"start":{"line":215,"column":0},"end":{"line":215,"column":18}},"217":{"start":{"line":218,"column":0},"end":{"line":218,"column":33}},"218":{"start":{"line":219,"column":0},"end":{"line":219,"column":50}},"219":{"start":{"line":220,"column":0},"end":{"line":220,"column":18}},"220":{"start":{"line":221,"column":0},"end":{"line":221,"column":26}},"221":{"start":{"line":222,"column":0},"end":{"line":222,"column":27}},"222":{"start":{"line":223,"column":0},"end":{"line":223,"column":21}},"223":{"start":{"line":224,"column":0},"end":{"line":224,"column":21}},"224":{"start":{"line":225,"column":0},"end":{"line":225,"column":18}},"225":{"start":{"line":226,"column":0},"end":{"line":226,"column":15}},"228":{"start":{"line":229,"column":0},"end":{"line":229,"column":50}},"229":{"start":{"line":230,"column":0},"end":{"line":230,"column":29}},"230":{"start":{"line":231,"column":0},"end":{"line":231,"column":34}},"231":{"start":{"line":232,"column":0},"end":{"line":232,"column":58}},"232":{"start":{"line":233,"column":0},"end":{"line":233,"column":26}},"235":{"start":{"line":236,"column":0},"end":{"line":236,"column":47}},"236":{"start":{"line":237,"column":0},"end":{"line":237,"column":26}},"237":{"start":{"line":238,"column":0},"end":{"line":238,"column":21}},"238":{"start":{"line":239,"column":0},"end":{"line":239,"column":26}},"239":{"start":{"line":240,"column":0},"end":{"line":240,"column":27}},"240":{"start":{"line":241,"column":0},"end":{"line":241,"column":21}},"241":{"start":{"line":242,"column":0},"end":{"line":242,"column":18}},"242":{"start":{"line":243,"column":0},"end":{"line":243,"column":23}},"243":{"start":{"line":244,"column":0},"end":{"line":244,"column":24}},"244":{"start":{"line":245,"column":0},"end":{"line":245,"column":19}},"245":{"start":{"line":246,"column":0},"end":{"line":246,"column":20}},"247":{"start":{"line":248,"column":0},"end":{"line":248,"column":41}},"248":{"start":{"line":249,"column":0},"end":{"line":249,"column":53}},"249":{"start":{"line":250,"column":0},"end":{"line":250,"column":47}},"250":{"start":{"line":251,"column":0},"end":{"line":251,"column":18}},"251":{"start":{"line":252,"column":0},"end":{"line":252,"column":22}},"252":{"start":{"line":253,"column":0},"end":{"line":253,"column":21}},"253":{"start":{"line":254,"column":0},"end":{"line":254,"column":29}},"255":{"start":{"line":256,"column":0},"end":{"line":256,"column":52}},"257":{"start":{"line":258,"column":0},"end":{"line":258,"column":98}},"259":{"start":{"line":260,"column":0},"end":{"line":260,"column":19}},"260":{"start":{"line":261,"column":0},"end":{"line":261,"column":37}},"261":{"start":{"line":262,"column":0},"end":{"line":262,"column":44}},"262":{"start":{"line":263,"column":0},"end":{"line":263,"column":7}},"263":{"start":{"line":264,"column":0},"end":{"line":264,"column":23}},"264":{"start":{"line":265,"column":0},"end":{"line":265,"column":19}},"265":{"start":{"line":266,"column":0},"end":{"line":266,"column":14}},"266":{"start":{"line":267,"column":0},"end":{"line":267,"column":14}},"267":{"start":{"line":268,"column":0},"end":{"line":268,"column":16}},"269":{"start":{"line":270,"column":0},"end":{"line":270,"column":41}},"270":{"start":{"line":271,"column":0},"end":{"line":271,"column":96}},"271":{"start":{"line":272,"column":0},"end":{"line":272,"column":31}},"272":{"start":{"line":273,"column":0},"end":{"line":273,"column":26}},"273":{"start":{"line":274,"column":0},"end":{"line":274,"column":29}},"274":{"start":{"line":275,"column":0},"end":{"line":275,"column":43}},"275":{"start":{"line":276,"column":0},"end":{"line":276,"column":27}},"276":{"start":{"line":277,"column":0},"end":{"line":277,"column":28}},"277":{"start":{"line":278,"column":0},"end":{"line":278,"column":26}},"278":{"start":{"line":279,"column":0},"end":{"line":279,"column":40}},"279":{"start":{"line":280,"column":0},"end":{"line":280,"column":31}},"280":{"start":{"line":281,"column":0},"end":{"line":281,"column":48}},"281":{"start":{"line":282,"column":0},"end":{"line":282,"column":39}},"284":{"start":{"line":285,"column":0},"end":{"line":285,"column":7}},"285":{"start":{"line":286,"column":0},"end":{"line":286,"column":19}},"286":{"start":{"line":287,"column":0},"end":{"line":287,"column":17}},"287":{"start":{"line":288,"column":0},"end":{"line":288,"column":23}},"288":{"start":{"line":289,"column":0},"end":{"line":289,"column":34}},"289":{"start":{"line":290,"column":0},"end":{"line":290,"column":11}},"290":{"start":{"line":291,"column":0},"end":{"line":291,"column":7}},"291":{"start":{"line":292,"column":0},"end":{"line":292,"column":19}},"293":{"start":{"line":294,"column":0},"end":{"line":294,"column":23}},"294":{"start":{"line":295,"column":0},"end":{"line":295,"column":40}},"295":{"start":{"line":296,"column":0},"end":{"line":296,"column":9}},"296":{"start":{"line":297,"column":0},"end":{"line":297,"column":7}},"297":{"start":{"line":298,"column":0},"end":{"line":298,"column":19}},"299":{"start":{"line":300,"column":0},"end":{"line":300,"column":50}},"300":{"start":{"line":301,"column":0},"end":{"line":301,"column":25}},"301":{"start":{"line":302,"column":0},"end":{"line":302,"column":9}},"303":{"start":{"line":304,"column":0},"end":{"line":304,"column":33}},"304":{"start":{"line":305,"column":0},"end":{"line":305,"column":7}},"305":{"start":{"line":306,"column":0},"end":{"line":306,"column":19}},"306":{"start":{"line":307,"column":0},"end":{"line":307,"column":77}},"307":{"start":{"line":308,"column":0},"end":{"line":308,"column":7}},"308":{"start":{"line":309,"column":0},"end":{"line":309,"column":19}},"309":{"start":{"line":310,"column":0},"end":{"line":310,"column":42}},"310":{"start":{"line":311,"column":0},"end":{"line":311,"column":7}},"311":{"start":{"line":312,"column":0},"end":{"line":312,"column":19}},"312":{"start":{"line":313,"column":0},"end":{"line":313,"column":35}},"313":{"start":{"line":314,"column":0},"end":{"line":314,"column":35}},"314":{"start":{"line":315,"column":0},"end":{"line":315,"column":9}},"315":{"start":{"line":316,"column":0},"end":{"line":316,"column":7}},"316":{"start":{"line":317,"column":0},"end":{"line":317,"column":19}},"317":{"start":{"line":318,"column":0},"end":{"line":318,"column":43}},"318":{"start":{"line":319,"column":0},"end":{"line":319,"column":7}},"319":{"start":{"line":320,"column":0},"end":{"line":320,"column":19}},"320":{"start":{"line":321,"column":0},"end":{"line":321,"column":19}},"321":{"start":{"line":322,"column":0},"end":{"line":322,"column":23}},"322":{"start":{"line":323,"column":0},"end":{"line":323,"column":66}},"323":{"start":{"line":324,"column":0},"end":{"line":324,"column":11}},"324":{"start":{"line":325,"column":0},"end":{"line":325,"column":7}},"325":{"start":{"line":326,"column":0},"end":{"line":326,"column":19}},"326":{"start":{"line":327,"column":0},"end":{"line":327,"column":89}},"327":{"start":{"line":328,"column":0},"end":{"line":328,"column":7}},"328":{"start":{"line":329,"column":0},"end":{"line":329,"column":19}},"329":{"start":{"line":330,"column":0},"end":{"line":330,"column":38}},"330":{"start":{"line":331,"column":0},"end":{"line":331,"column":7}},"331":{"start":{"line":332,"column":0},"end":{"line":332,"column":19}},"332":{"start":{"line":333,"column":0},"end":{"line":333,"column":17}},"333":{"start":{"line":334,"column":0},"end":{"line":334,"column":14}},"334":{"start":{"line":335,"column":0},"end":{"line":335,"column":23}},"335":{"start":{"line":336,"column":0},"end":{"line":336,"column":31}},"336":{"start":{"line":337,"column":0},"end":{"line":337,"column":47}},"337":{"start":{"line":338,"column":0},"end":{"line":338,"column":26}},"338":{"start":{"line":339,"column":0},"end":{"line":339,"column":11}},"339":{"start":{"line":340,"column":0},"end":{"line":340,"column":7}},"340":{"start":{"line":341,"column":0},"end":{"line":341,"column":19}},"341":{"start":{"line":342,"column":0},"end":{"line":342,"column":17}},"342":{"start":{"line":343,"column":0},"end":{"line":343,"column":15}},"343":{"start":{"line":344,"column":0},"end":{"line":344,"column":14}},"344":{"start":{"line":345,"column":0},"end":{"line":345,"column":23}},"345":{"start":{"line":346,"column":0},"end":{"line":346,"column":43}},"346":{"start":{"line":347,"column":0},"end":{"line":347,"column":11}},"347":{"start":{"line":348,"column":0},"end":{"line":348,"column":7}},"349":{"start":{"line":350,"column":0},"end":{"line":350,"column":19}},"350":{"start":{"line":351,"column":0},"end":{"line":351,"column":22}},"351":{"start":{"line":352,"column":0},"end":{"line":352,"column":14}},"352":{"start":{"line":353,"column":0},"end":{"line":353,"column":17}},"353":{"start":{"line":354,"column":0},"end":{"line":354,"column":17}},"354":{"start":{"line":355,"column":0},"end":{"line":355,"column":23}},"355":{"start":{"line":356,"column":0},"end":{"line":356,"column":55}},"356":{"start":{"line":357,"column":0},"end":{"line":357,"column":76}},"357":{"start":{"line":358,"column":0},"end":{"line":358,"column":43}},"358":{"start":{"line":359,"column":0},"end":{"line":359,"column":17}},"360":{"start":{"line":361,"column":0},"end":{"line":361,"column":59}},"361":{"start":{"line":362,"column":0},"end":{"line":362,"column":43}},"362":{"start":{"line":363,"column":0},"end":{"line":363,"column":17}},"363":{"start":{"line":364,"column":0},"end":{"line":364,"column":13}},"364":{"start":{"line":365,"column":0},"end":{"line":365,"column":11}},"365":{"start":{"line":366,"column":0},"end":{"line":366,"column":7}},"366":{"start":{"line":367,"column":0},"end":{"line":367,"column":19}},"367":{"start":{"line":368,"column":0},"end":{"line":368,"column":65}},"368":{"start":{"line":369,"column":0},"end":{"line":369,"column":7}},"369":{"start":{"line":370,"column":0},"end":{"line":370,"column":19}},"370":{"start":{"line":371,"column":0},"end":{"line":371,"column":97}},"371":{"start":{"line":372,"column":0},"end":{"line":372,"column":7}},"372":{"start":{"line":373,"column":0},"end":{"line":373,"column":19}},"373":{"start":{"line":374,"column":0},"end":{"line":374,"column":17}},"374":{"start":{"line":375,"column":0},"end":{"line":375,"column":23}},"375":{"start":{"line":376,"column":0},"end":{"line":376,"column":40}},"376":{"start":{"line":377,"column":0},"end":{"line":377,"column":62}},"377":{"start":{"line":378,"column":0},"end":{"line":378,"column":11}},"378":{"start":{"line":379,"column":0},"end":{"line":379,"column":7}},"379":{"start":{"line":380,"column":0},"end":{"line":380,"column":19}},"380":{"start":{"line":381,"column":0},"end":{"line":381,"column":57}},"381":{"start":{"line":382,"column":0},"end":{"line":382,"column":7}},"382":{"start":{"line":383,"column":0},"end":{"line":383,"column":19}},"383":{"start":{"line":384,"column":0},"end":{"line":384,"column":25}},"384":{"start":{"line":385,"column":0},"end":{"line":385,"column":27}},"385":{"start":{"line":386,"column":0},"end":{"line":386,"column":59}},"386":{"start":{"line":387,"column":0},"end":{"line":387,"column":15}},"387":{"start":{"line":388,"column":0},"end":{"line":388,"column":9}},"388":{"start":{"line":389,"column":0},"end":{"line":389,"column":7}},"389":{"start":{"line":390,"column":0},"end":{"line":390,"column":19}},"390":{"start":{"line":391,"column":0},"end":{"line":391,"column":68}},"391":{"start":{"line":392,"column":0},"end":{"line":392,"column":46}},"392":{"start":{"line":393,"column":0},"end":{"line":393,"column":9}},"393":{"start":{"line":394,"column":0},"end":{"line":394,"column":7}},"394":{"start":{"line":395,"column":0},"end":{"line":395,"column":19}},"395":{"start":{"line":396,"column":0},"end":{"line":396,"column":23}},"396":{"start":{"line":397,"column":0},"end":{"line":397,"column":29}},"397":{"start":{"line":398,"column":0},"end":{"line":398,"column":28}},"398":{"start":{"line":399,"column":0},"end":{"line":399,"column":9}},"399":{"start":{"line":400,"column":0},"end":{"line":400,"column":7}},"400":{"start":{"line":401,"column":0},"end":{"line":401,"column":19}},"402":{"start":{"line":403,"column":0},"end":{"line":403,"column":45}},"404":{"start":{"line":405,"column":0},"end":{"line":405,"column":49}},"406":{"start":{"line":407,"column":0},"end":{"line":407,"column":55}},"407":{"start":{"line":408,"column":0},"end":{"line":408,"column":30}},"408":{"start":{"line":409,"column":0},"end":{"line":409,"column":24}},"409":{"start":{"line":410,"column":0},"end":{"line":410,"column":42}},"410":{"start":{"line":411,"column":0},"end":{"line":411,"column":20}},"413":{"start":{"line":414,"column":0},"end":{"line":414,"column":39}},"415":{"start":{"line":416,"column":0},"end":{"line":416,"column":27}},"416":{"start":{"line":417,"column":0},"end":{"line":417,"column":31}},"419":{"start":{"line":420,"column":0},"end":{"line":420,"column":81}},"421":{"start":{"line":422,"column":0},"end":{"line":422,"column":49}},"422":{"start":{"line":423,"column":0},"end":{"line":423,"column":25}},"423":{"start":{"line":424,"column":0},"end":{"line":424,"column":76}},"426":{"start":{"line":427,"column":0},"end":{"line":427,"column":91}},"427":{"start":{"line":428,"column":0},"end":{"line":428,"column":84}},"428":{"start":{"line":429,"column":0},"end":{"line":429,"column":32}},"430":{"start":{"line":431,"column":0},"end":{"line":431,"column":85}},"431":{"start":{"line":432,"column":0},"end":{"line":432,"column":25}},"433":{"start":{"line":434,"column":0},"end":{"line":434,"column":64}},"434":{"start":{"line":435,"column":0},"end":{"line":435,"column":48}},"435":{"start":{"line":436,"column":0},"end":{"line":436,"column":56}},"436":{"start":{"line":437,"column":0},"end":{"line":437,"column":41}},"437":{"start":{"line":438,"column":0},"end":{"line":438,"column":54}},"438":{"start":{"line":439,"column":0},"end":{"line":439,"column":84}},"442":{"start":{"line":443,"column":0},"end":{"line":443,"column":65}},"443":{"start":{"line":444,"column":0},"end":{"line":444,"column":56}},"444":{"start":{"line":445,"column":0},"end":{"line":445,"column":81}},"445":{"start":{"line":446,"column":0},"end":{"line":446,"column":58}},"446":{"start":{"line":447,"column":0},"end":{"line":447,"column":128}},"449":{"start":{"line":450,"column":0},"end":{"line":450,"column":59}},"450":{"start":{"line":451,"column":0},"end":{"line":451,"column":149}},"453":{"start":{"line":454,"column":0},"end":{"line":454,"column":93}},"455":{"start":{"line":456,"column":0},"end":{"line":456,"column":47}},"456":{"start":{"line":457,"column":0},"end":{"line":457,"column":83}},"457":{"start":{"line":458,"column":0},"end":{"line":458,"column":66}},"459":{"start":{"line":460,"column":0},"end":{"line":460,"column":51}},"460":{"start":{"line":461,"column":0},"end":{"line":461,"column":67}},"461":{"start":{"line":462,"column":0},"end":{"line":462,"column":33}},"462":{"start":{"line":463,"column":0},"end":{"line":463,"column":29}},"463":{"start":{"line":464,"column":0},"end":{"line":464,"column":77}},"465":{"start":{"line":466,"column":0},"end":{"line":466,"column":62}},"466":{"start":{"line":467,"column":0},"end":{"line":467,"column":25}},"468":{"start":{"line":469,"column":0},"end":{"line":469,"column":81}},"470":{"start":{"line":471,"column":0},"end":{"line":471,"column":40}},"472":{"start":{"line":473,"column":0},"end":{"line":473,"column":64}},"473":{"start":{"line":474,"column":0},"end":{"line":474,"column":35}},"474":{"start":{"line":475,"column":0},"end":{"line":475,"column":65}},"476":{"start":{"line":477,"column":0},"end":{"line":477,"column":44}},"477":{"start":{"line":478,"column":0},"end":{"line":478,"column":37}},"478":{"start":{"line":479,"column":0},"end":{"line":479,"column":40}},"479":{"start":{"line":480,"column":0},"end":{"line":480,"column":21}},"480":{"start":{"line":481,"column":0},"end":{"line":481,"column":18}},"483":{"start":{"line":484,"column":0},"end":{"line":484,"column":41}},"484":{"start":{"line":485,"column":0},"end":{"line":485,"column":56}},"485":{"start":{"line":486,"column":0},"end":{"line":486,"column":24}},"486":{"start":{"line":487,"column":0},"end":{"line":487,"column":34}},"487":{"start":{"line":488,"column":0},"end":{"line":488,"column":17}},"488":{"start":{"line":489,"column":0},"end":{"line":489,"column":15}},"491":{"start":{"line":492,"column":0},"end":{"line":492,"column":60}},"492":{"start":{"line":493,"column":0},"end":{"line":493,"column":32}},"493":{"start":{"line":494,"column":0},"end":{"line":494,"column":13}},"494":{"start":{"line":495,"column":0},"end":{"line":495,"column":45}},"496":{"start":{"line":497,"column":0},"end":{"line":497,"column":27}},"497":{"start":{"line":498,"column":0},"end":{"line":498,"column":91}},"498":{"start":{"line":499,"column":0},"end":{"line":499,"column":59}},"499":{"start":{"line":500,"column":0},"end":{"line":500,"column":54}},"500":{"start":{"line":501,"column":0},"end":{"line":501,"column":39}},"501":{"start":{"line":502,"column":0},"end":{"line":502,"column":55}},"502":{"start":{"line":503,"column":0},"end":{"line":503,"column":21}},"503":{"start":{"line":504,"column":0},"end":{"line":504,"column":17}},"504":{"start":{"line":505,"column":0},"end":{"line":505,"column":29}},"505":{"start":{"line":506,"column":0},"end":{"line":506,"column":15}},"506":{"start":{"line":507,"column":0},"end":{"line":507,"column":9}},"507":{"start":{"line":508,"column":0},"end":{"line":508,"column":7}},"509":{"start":{"line":510,"column":0},"end":{"line":510,"column":48}},"510":{"start":{"line":511,"column":0},"end":{"line":511,"column":61}},"512":{"start":{"line":513,"column":0},"end":{"line":513,"column":55}},"513":{"start":{"line":514,"column":0},"end":{"line":514,"column":83}},"514":{"start":{"line":515,"column":0},"end":{"line":515,"column":62}},"515":{"start":{"line":516,"column":0},"end":{"line":516,"column":9}},"517":{"start":{"line":518,"column":0},"end":{"line":518,"column":17}},"518":{"start":{"line":519,"column":0},"end":{"line":519,"column":5}},"520":{"start":{"line":521,"column":0},"end":{"line":521,"column":63}},"521":{"start":{"line":522,"column":0},"end":{"line":522,"column":74}},"522":{"start":{"line":523,"column":0},"end":{"line":523,"column":5}},"524":{"start":{"line":525,"column":0},"end":{"line":525,"column":50}},"525":{"start":{"line":526,"column":0},"end":{"line":526,"column":24}},"526":{"start":{"line":527,"column":0},"end":{"line":527,"column":28}},"527":{"start":{"line":528,"column":0},"end":{"line":528,"column":54}},"529":{"start":{"line":530,"column":0},"end":{"line":530,"column":61}},"530":{"start":{"line":531,"column":0},"end":{"line":531,"column":23}},"531":{"start":{"line":532,"column":0},"end":{"line":532,"column":38}},"532":{"start":{"line":533,"column":0},"end":{"line":533,"column":88}},"534":{"start":{"line":535,"column":0},"end":{"line":535,"column":47}},"535":{"start":{"line":536,"column":0},"end":{"line":536,"column":36}},"536":{"start":{"line":537,"column":0},"end":{"line":537,"column":30}},"537":{"start":{"line":538,"column":0},"end":{"line":538,"column":34}},"538":{"start":{"line":539,"column":0},"end":{"line":539,"column":9}},"539":{"start":{"line":540,"column":0},"end":{"line":540,"column":5}},"541":{"start":{"line":542,"column":0},"end":{"line":542,"column":25}},"542":{"start":{"line":543,"column":0},"end":{"line":543,"column":27}},"543":{"start":{"line":544,"column":0},"end":{"line":544,"column":40}},"544":{"start":{"line":545,"column":0},"end":{"line":545,"column":46}},"545":{"start":{"line":546,"column":0},"end":{"line":546,"column":29}},"546":{"start":{"line":547,"column":0},"end":{"line":547,"column":32}},"547":{"start":{"line":548,"column":0},"end":{"line":548,"column":29}},"549":{"start":{"line":550,"column":0},"end":{"line":550,"column":74}},"550":{"start":{"line":551,"column":0},"end":{"line":551,"column":40}},"551":{"start":{"line":552,"column":0},"end":{"line":552,"column":46}},"553":{"start":{"line":554,"column":0},"end":{"line":554,"column":52}},"554":{"start":{"line":555,"column":0},"end":{"line":555,"column":62}},"555":{"start":{"line":556,"column":0},"end":{"line":556,"column":17}},"556":{"start":{"line":557,"column":0},"end":{"line":557,"column":27}},"557":{"start":{"line":558,"column":0},"end":{"line":558,"column":15}},"558":{"start":{"line":559,"column":0},"end":{"line":559,"column":9}},"559":{"start":{"line":560,"column":0},"end":{"line":560,"column":5}},"561":{"start":{"line":562,"column":0},"end":{"line":562,"column":79}},"562":{"start":{"line":563,"column":0},"end":{"line":563,"column":99}},"563":{"start":{"line":564,"column":0},"end":{"line":564,"column":52}},"565":{"start":{"line":566,"column":0},"end":{"line":566,"column":60}},"566":{"start":{"line":567,"column":0},"end":{"line":567,"column":121}},"567":{"start":{"line":568,"column":0},"end":{"line":568,"column":79}},"568":{"start":{"line":569,"column":0},"end":{"line":569,"column":47}},"569":{"start":{"line":570,"column":0},"end":{"line":570,"column":64}},"570":{"start":{"line":571,"column":0},"end":{"line":571,"column":40}},"571":{"start":{"line":572,"column":0},"end":{"line":572,"column":9}},"572":{"start":{"line":573,"column":0},"end":{"line":573,"column":5}},"574":{"start":{"line":575,"column":0},"end":{"line":575,"column":38}},"575":{"start":{"line":576,"column":0},"end":{"line":576,"column":74}},"576":{"start":{"line":577,"column":0},"end":{"line":577,"column":44}},"577":{"start":{"line":578,"column":0},"end":{"line":578,"column":61}},"578":{"start":{"line":579,"column":0},"end":{"line":579,"column":5}},"580":{"start":{"line":581,"column":0},"end":{"line":581,"column":74}},"581":{"start":{"line":582,"column":0},"end":{"line":582,"column":44}},"583":{"start":{"line":584,"column":0},"end":{"line":584,"column":22}},"584":{"start":{"line":585,"column":0},"end":{"line":585,"column":28}},"585":{"start":{"line":586,"column":0},"end":{"line":586,"column":33}},"587":{"start":{"line":588,"column":0},"end":{"line":588,"column":11}},"588":{"start":{"line":589,"column":0},"end":{"line":589,"column":5}},"590":{"start":{"line":591,"column":0},"end":{"line":591,"column":69}},"591":{"start":{"line":592,"column":0},"end":{"line":592,"column":36}},"593":{"start":{"line":594,"column":0},"end":{"line":594,"column":41}},"594":{"start":{"line":595,"column":0},"end":{"line":595,"column":56}},"596":{"start":{"line":597,"column":0},"end":{"line":597,"column":34}},"597":{"start":{"line":598,"column":0},"end":{"line":598,"column":53}},"599":{"start":{"line":600,"column":0},"end":{"line":600,"column":52}},"600":{"start":{"line":601,"column":0},"end":{"line":601,"column":45}},"601":{"start":{"line":602,"column":0},"end":{"line":602,"column":40}},"602":{"start":{"line":603,"column":0},"end":{"line":603,"column":33}},"603":{"start":{"line":604,"column":0},"end":{"line":604,"column":44}},"604":{"start":{"line":605,"column":0},"end":{"line":605,"column":80}},"605":{"start":{"line":606,"column":0},"end":{"line":606,"column":43}},"606":{"start":{"line":607,"column":0},"end":{"line":607,"column":46}},"607":{"start":{"line":608,"column":0},"end":{"line":608,"column":62}},"610":{"start":{"line":611,"column":0},"end":{"line":611,"column":17}},"611":{"start":{"line":612,"column":0},"end":{"line":612,"column":13}},"613":{"start":{"line":614,"column":0},"end":{"line":614,"column":86}},"614":{"start":{"line":615,"column":0},"end":{"line":615,"column":11}},"616":{"start":{"line":617,"column":0},"end":{"line":617,"column":52}},"618":{"start":{"line":619,"column":0},"end":{"line":619,"column":66}},"619":{"start":{"line":620,"column":0},"end":{"line":620,"column":83}},"620":{"start":{"line":621,"column":0},"end":{"line":621,"column":11}},"622":{"start":{"line":623,"column":0},"end":{"line":623,"column":34}},"623":{"start":{"line":624,"column":0},"end":{"line":624,"column":5}},"625":{"start":{"line":626,"column":0},"end":{"line":626,"column":37}},"626":{"start":{"line":627,"column":0},"end":{"line":627,"column":23}},"627":{"start":{"line":628,"column":0},"end":{"line":628,"column":53}},"628":{"start":{"line":629,"column":0},"end":{"line":629,"column":48}},"629":{"start":{"line":630,"column":0},"end":{"line":630,"column":43}},"630":{"start":{"line":631,"column":0},"end":{"line":631,"column":17}},"631":{"start":{"line":632,"column":0},"end":{"line":632,"column":13}},"633":{"start":{"line":634,"column":0},"end":{"line":634,"column":9}},"635":{"start":{"line":636,"column":0},"end":{"line":636,"column":112}},"636":{"start":{"line":637,"column":0},"end":{"line":637,"column":29}},"637":{"start":{"line":638,"column":0},"end":{"line":638,"column":9}},"638":{"start":{"line":639,"column":0},"end":{"line":639,"column":5}},"640":{"start":{"line":641,"column":0},"end":{"line":641,"column":27}},"641":{"start":{"line":642,"column":0},"end":{"line":642,"column":20}},"642":{"start":{"line":643,"column":0},"end":{"line":643,"column":39}},"643":{"start":{"line":644,"column":0},"end":{"line":644,"column":35}},"644":{"start":{"line":645,"column":0},"end":{"line":645,"column":20}},"645":{"start":{"line":646,"column":0},"end":{"line":646,"column":32}},"646":{"start":{"line":647,"column":0},"end":{"line":647,"column":13}},"647":{"start":{"line":648,"column":0},"end":{"line":648,"column":9}},"648":{"start":{"line":649,"column":0},"end":{"line":649,"column":5}},"650":{"start":{"line":651,"column":0},"end":{"line":651,"column":42}},"651":{"start":{"line":652,"column":0},"end":{"line":652,"column":71}},"653":{"start":{"line":654,"column":0},"end":{"line":654,"column":56}},"655":{"start":{"line":656,"column":0},"end":{"line":656,"column":71}},"656":{"start":{"line":657,"column":0},"end":{"line":657,"column":103}},"657":{"start":{"line":658,"column":0},"end":{"line":658,"column":11}},"659":{"start":{"line":660,"column":0},"end":{"line":660,"column":47}},"660":{"start":{"line":661,"column":0},"end":{"line":661,"column":5}},"662":{"start":{"line":663,"column":0},"end":{"line":663,"column":77}},"663":{"start":{"line":664,"column":0},"end":{"line":664,"column":63}},"664":{"start":{"line":665,"column":0},"end":{"line":665,"column":116}},"665":{"start":{"line":666,"column":0},"end":{"line":666,"column":29}},"666":{"start":{"line":667,"column":0},"end":{"line":667,"column":9}},"667":{"start":{"line":668,"column":0},"end":{"line":668,"column":5}},"669":{"start":{"line":670,"column":0},"end":{"line":670,"column":32}},"672":{"start":{"line":673,"column":0},"end":{"line":673,"column":26}},"675":{"start":{"line":676,"column":0},"end":{"line":676,"column":53}},"676":{"start":{"line":677,"column":0},"end":{"line":677,"column":32}},"677":{"start":{"line":678,"column":0},"end":{"line":678,"column":13}},"679":{"start":{"line":680,"column":0},"end":{"line":680,"column":9}},"681":{"start":{"line":682,"column":0},"end":{"line":682,"column":44}},"684":{"start":{"line":685,"column":0},"end":{"line":685,"column":24}},"686":{"start":{"line":687,"column":0},"end":{"line":687,"column":23}},"687":{"start":{"line":688,"column":0},"end":{"line":688,"column":36}},"688":{"start":{"line":689,"column":0},"end":{"line":689,"column":9}},"689":{"start":{"line":690,"column":0},"end":{"line":690,"column":5}},"691":{"start":{"line":692,"column":0},"end":{"line":692,"column":38}},"692":{"start":{"line":693,"column":0},"end":{"line":693,"column":103}},"693":{"start":{"line":694,"column":0},"end":{"line":694,"column":37}},"694":{"start":{"line":695,"column":0},"end":{"line":695,"column":64}},"695":{"start":{"line":696,"column":0},"end":{"line":696,"column":54}},"697":{"start":{"line":698,"column":0},"end":{"line":698,"column":68}},"699":{"start":{"line":700,"column":0},"end":{"line":700,"column":61}},"700":{"start":{"line":701,"column":0},"end":{"line":701,"column":27}},"701":{"start":{"line":702,"column":0},"end":{"line":702,"column":63}},"702":{"start":{"line":703,"column":0},"end":{"line":703,"column":77}},"704":{"start":{"line":705,"column":0},"end":{"line":705,"column":20}},"705":{"start":{"line":706,"column":0},"end":{"line":706,"column":63}},"706":{"start":{"line":707,"column":0},"end":{"line":707,"column":71}},"707":{"start":{"line":708,"column":0},"end":{"line":708,"column":21}},"708":{"start":{"line":709,"column":0},"end":{"line":709,"column":13}},"709":{"start":{"line":710,"column":0},"end":{"line":710,"column":9}},"712":{"start":{"line":713,"column":0},"end":{"line":713,"column":39}},"713":{"start":{"line":714,"column":0},"end":{"line":714,"column":27}},"717":{"start":{"line":718,"column":0},"end":{"line":718,"column":53}},"718":{"start":{"line":719,"column":0},"end":{"line":719,"column":29}},"719":{"start":{"line":720,"column":0},"end":{"line":720,"column":9}},"722":{"start":{"line":723,"column":0},"end":{"line":723,"column":47}},"723":{"start":{"line":724,"column":0},"end":{"line":724,"column":65}},"724":{"start":{"line":725,"column":0},"end":{"line":725,"column":9}},"727":{"start":{"line":728,"column":0},"end":{"line":728,"column":74}},"728":{"start":{"line":729,"column":0},"end":{"line":729,"column":25}},"729":{"start":{"line":730,"column":0},"end":{"line":730,"column":9}},"731":{"start":{"line":732,"column":0},"end":{"line":732,"column":29}},"732":{"start":{"line":733,"column":0},"end":{"line":733,"column":5}},"734":{"start":{"line":735,"column":0},"end":{"line":735,"column":49}},"735":{"start":{"line":736,"column":0},"end":{"line":736,"column":69}},"737":{"start":{"line":738,"column":0},"end":{"line":738,"column":31}},"738":{"start":{"line":739,"column":0},"end":{"line":739,"column":64}},"739":{"start":{"line":740,"column":0},"end":{"line":740,"column":35}},"740":{"start":{"line":741,"column":0},"end":{"line":741,"column":43}},"741":{"start":{"line":742,"column":0},"end":{"line":742,"column":25}},"742":{"start":{"line":743,"column":0},"end":{"line":743,"column":24}},"743":{"start":{"line":744,"column":0},"end":{"line":744,"column":11}},"745":{"start":{"line":746,"column":0},"end":{"line":746,"column":66}},"746":{"start":{"line":747,"column":0},"end":{"line":747,"column":48}},"748":{"start":{"line":749,"column":0},"end":{"line":749,"column":28}},"749":{"start":{"line":750,"column":0},"end":{"line":750,"column":5}},"751":{"start":{"line":752,"column":0},"end":{"line":752,"column":71}},"752":{"start":{"line":753,"column":0},"end":{"line":753,"column":94}},"753":{"start":{"line":754,"column":0},"end":{"line":754,"column":79}},"754":{"start":{"line":755,"column":0},"end":{"line":755,"column":5}},"756":{"start":{"line":757,"column":0},"end":{"line":757,"column":66}},"757":{"start":{"line":758,"column":0},"end":{"line":758,"column":42}},"759":{"start":{"line":760,"column":0},"end":{"line":760,"column":38}},"761":{"start":{"line":762,"column":0},"end":{"line":762,"column":26}},"762":{"start":{"line":763,"column":0},"end":{"line":763,"column":33}},"763":{"start":{"line":764,"column":0},"end":{"line":764,"column":30}},"764":{"start":{"line":765,"column":0},"end":{"line":765,"column":16}},"765":{"start":{"line":766,"column":0},"end":{"line":766,"column":56}},"766":{"start":{"line":767,"column":0},"end":{"line":767,"column":45}},"767":{"start":{"line":768,"column":0},"end":{"line":768,"column":15}},"768":{"start":{"line":769,"column":0},"end":{"line":769,"column":9}},"769":{"start":{"line":770,"column":0},"end":{"line":770,"column":30}},"770":{"start":{"line":771,"column":0},"end":{"line":771,"column":5}},"772":{"start":{"line":773,"column":0},"end":{"line":773,"column":48}},"773":{"start":{"line":774,"column":0},"end":{"line":774,"column":65}},"774":{"start":{"line":775,"column":0},"end":{"line":775,"column":16}},"775":{"start":{"line":776,"column":0},"end":{"line":776,"column":25}},"776":{"start":{"line":777,"column":0},"end":{"line":777,"column":9}},"777":{"start":{"line":778,"column":0},"end":{"line":778,"column":23}},"778":{"start":{"line":779,"column":0},"end":{"line":779,"column":23}},"779":{"start":{"line":780,"column":0},"end":{"line":780,"column":5}},"781":{"start":{"line":782,"column":0},"end":{"line":782,"column":62}},"782":{"start":{"line":783,"column":0},"end":{"line":783,"column":32}},"783":{"start":{"line":784,"column":0},"end":{"line":784,"column":34}},"784":{"start":{"line":785,"column":0},"end":{"line":785,"column":31}},"785":{"start":{"line":786,"column":0},"end":{"line":786,"column":24}},"786":{"start":{"line":787,"column":0},"end":{"line":787,"column":28}},"787":{"start":{"line":788,"column":0},"end":{"line":788,"column":36}},"788":{"start":{"line":789,"column":0},"end":{"line":789,"column":26}},"789":{"start":{"line":790,"column":0},"end":{"line":790,"column":9}},"790":{"start":{"line":791,"column":0},"end":{"line":791,"column":5}},"792":{"start":{"line":793,"column":0},"end":{"line":793,"column":42}},"793":{"start":{"line":794,"column":0},"end":{"line":794,"column":28}},"794":{"start":{"line":795,"column":0},"end":{"line":795,"column":29}},"795":{"start":{"line":796,"column":0},"end":{"line":796,"column":74}},"796":{"start":{"line":797,"column":0},"end":{"line":797,"column":29}},"797":{"start":{"line":798,"column":0},"end":{"line":798,"column":5}},"799":{"start":{"line":800,"column":0},"end":{"line":800,"column":26}},"800":{"start":{"line":801,"column":0},"end":{"line":801,"column":36}},"801":{"start":{"line":802,"column":0},"end":{"line":802,"column":28}},"802":{"start":{"line":803,"column":0},"end":{"line":803,"column":9}},"803":{"start":{"line":804,"column":0},"end":{"line":804,"column":25}},"804":{"start":{"line":805,"column":0},"end":{"line":805,"column":5}},"806":{"start":{"line":807,"column":0},"end":{"line":807,"column":33}},"807":{"start":{"line":808,"column":0},"end":{"line":808,"column":39}},"808":{"start":{"line":809,"column":0},"end":{"line":809,"column":45}},"809":{"start":{"line":810,"column":0},"end":{"line":810,"column":32}},"810":{"start":{"line":811,"column":0},"end":{"line":811,"column":16}},"811":{"start":{"line":812,"column":0},"end":{"line":812,"column":5}},"813":{"start":{"line":814,"column":0},"end":{"line":814,"column":58}},"814":{"start":{"line":815,"column":0},"end":{"line":815,"column":44}},"815":{"start":{"line":816,"column":0},"end":{"line":816,"column":107}},"816":{"start":{"line":817,"column":0},"end":{"line":817,"column":25}},"817":{"start":{"line":818,"column":0},"end":{"line":818,"column":9}},"818":{"start":{"line":819,"column":0},"end":{"line":819,"column":5}},"820":{"start":{"line":821,"column":0},"end":{"line":821,"column":21}},"821":{"start":{"line":822,"column":0},"end":{"line":822,"column":23}},"822":{"start":{"line":823,"column":0},"end":{"line":823,"column":7}},"824":{"start":{"line":825,"column":0},"end":{"line":825,"column":51}},"825":{"start":{"line":826,"column":0},"end":{"line":826,"column":55}},"826":{"start":{"line":827,"column":0},"end":{"line":827,"column":27}},"827":{"start":{"line":828,"column":0},"end":{"line":828,"column":5}},"829":{"start":{"line":830,"column":0},"end":{"line":830,"column":43}},"830":{"start":{"line":831,"column":0},"end":{"line":831,"column":32}},"831":{"start":{"line":832,"column":0},"end":{"line":832,"column":27}},"832":{"start":{"line":833,"column":0},"end":{"line":833,"column":5}},"834":{"start":{"line":835,"column":0},"end":{"line":835,"column":65}},"835":{"start":{"line":836,"column":0},"end":{"line":836,"column":47}},"836":{"start":{"line":837,"column":0},"end":{"line":837,"column":90}},"837":{"start":{"line":838,"column":0},"end":{"line":838,"column":37}},"838":{"start":{"line":839,"column":0},"end":{"line":839,"column":31}},"839":{"start":{"line":840,"column":0},"end":{"line":840,"column":31}},"840":{"start":{"line":841,"column":0},"end":{"line":841,"column":9}},"841":{"start":{"line":842,"column":0},"end":{"line":842,"column":5}},"843":{"start":{"line":844,"column":0},"end":{"line":844,"column":47}},"844":{"start":{"line":845,"column":0},"end":{"line":845,"column":59}},"845":{"start":{"line":846,"column":0},"end":{"line":846,"column":85}},"848":{"start":{"line":849,"column":0},"end":{"line":849,"column":51}},"849":{"start":{"line":850,"column":0},"end":{"line":850,"column":40}},"850":{"start":{"line":851,"column":0},"end":{"line":851,"column":9}},"853":{"start":{"line":854,"column":0},"end":{"line":854,"column":58}},"854":{"start":{"line":855,"column":0},"end":{"line":855,"column":71}},"857":{"start":{"line":858,"column":0},"end":{"line":858,"column":35}},"859":{"start":{"line":860,"column":0},"end":{"line":860,"column":34}},"860":{"start":{"line":861,"column":0},"end":{"line":861,"column":101}},"861":{"start":{"line":862,"column":0},"end":{"line":862,"column":16}},"863":{"start":{"line":864,"column":0},"end":{"line":864,"column":89}},"864":{"start":{"line":865,"column":0},"end":{"line":865,"column":9}},"867":{"start":{"line":868,"column":0},"end":{"line":868,"column":31}},"868":{"start":{"line":869,"column":0},"end":{"line":869,"column":28}},"869":{"start":{"line":870,"column":0},"end":{"line":870,"column":95}},"870":{"start":{"line":871,"column":0},"end":{"line":871,"column":16}},"871":{"start":{"line":872,"column":0},"end":{"line":872,"column":128}},"872":{"start":{"line":873,"column":0},"end":{"line":873,"column":9}},"875":{"start":{"line":876,"column":0},"end":{"line":876,"column":68}},"876":{"start":{"line":877,"column":0},"end":{"line":877,"column":75}},"877":{"start":{"line":878,"column":0},"end":{"line":878,"column":5}},"879":{"start":{"line":880,"column":0},"end":{"line":880,"column":133}},"880":{"start":{"line":881,"column":0},"end":{"line":881,"column":29}},"881":{"start":{"line":882,"column":0},"end":{"line":882,"column":100}},"882":{"start":{"line":883,"column":0},"end":{"line":883,"column":55}},"883":{"start":{"line":884,"column":0},"end":{"line":884,"column":5}},"885":{"start":{"line":886,"column":0},"end":{"line":886,"column":49}},"886":{"start":{"line":887,"column":0},"end":{"line":887,"column":84}},"887":{"start":{"line":888,"column":0},"end":{"line":888,"column":5}},"889":{"start":{"line":890,"column":0},"end":{"line":890,"column":34}},"890":{"start":{"line":891,"column":0},"end":{"line":891,"column":40}},"891":{"start":{"line":892,"column":0},"end":{"line":892,"column":60}},"892":{"start":{"line":893,"column":0},"end":{"line":893,"column":65}},"893":{"start":{"line":894,"column":0},"end":{"line":894,"column":5}},"895":{"start":{"line":896,"column":0},"end":{"line":896,"column":79}},"896":{"start":{"line":897,"column":0},"end":{"line":897,"column":57}},"897":{"start":{"line":898,"column":0},"end":{"line":898,"column":26}},"898":{"start":{"line":899,"column":0},"end":{"line":899,"column":29}},"899":{"start":{"line":900,"column":0},"end":{"line":900,"column":14}},"900":{"start":{"line":901,"column":0},"end":{"line":901,"column":5}},"902":{"start":{"line":903,"column":0},"end":{"line":903,"column":43}},"903":{"start":{"line":904,"column":0},"end":{"line":904,"column":53}},"904":{"start":{"line":905,"column":0},"end":{"line":905,"column":24}},"905":{"start":{"line":906,"column":0},"end":{"line":906,"column":37}},"906":{"start":{"line":907,"column":0},"end":{"line":907,"column":34}},"907":{"start":{"line":908,"column":0},"end":{"line":908,"column":5}},"910":{"start":{"line":911,"column":0},"end":{"line":911,"column":72}},"913":{"start":{"line":914,"column":0},"end":{"line":914,"column":38}},"914":{"start":{"line":915,"column":0},"end":{"line":915,"column":26}},"917":{"start":{"line":918,"column":0},"end":{"line":918,"column":30}},"918":{"start":{"line":919,"column":0},"end":{"line":919,"column":36}},"919":{"start":{"line":920,"column":0},"end":{"line":920,"column":26}},"920":{"start":{"line":921,"column":0},"end":{"line":921,"column":27}},"921":{"start":{"line":922,"column":0},"end":{"line":922,"column":29}},"922":{"start":{"line":923,"column":0},"end":{"line":923,"column":25}},"925":{"start":{"line":926,"column":0},"end":{"line":926,"column":18}},"928":{"start":{"line":929,"column":0},"end":{"line":929,"column":28}},"931":{"start":{"line":932,"column":0},"end":{"line":932,"column":29}},"932":{"start":{"line":933,"column":0},"end":{"line":933,"column":39}},"933":{"start":{"line":934,"column":0},"end":{"line":934,"column":34}},"934":{"start":{"line":935,"column":0},"end":{"line":935,"column":36}},"935":{"start":{"line":936,"column":0},"end":{"line":936,"column":37}},"936":{"start":{"line":937,"column":0},"end":{"line":937,"column":14}},"937":{"start":{"line":938,"column":0},"end":{"line":938,"column":34}},"938":{"start":{"line":939,"column":0},"end":{"line":939,"column":36}},"939":{"start":{"line":940,"column":0},"end":{"line":940,"column":37}},"940":{"start":{"line":941,"column":0},"end":{"line":941,"column":14}},"946":{"start":{"line":947,"column":0},"end":{"line":947,"column":52}},"947":{"start":{"line":948,"column":0},"end":{"line":948,"column":48}},"948":{"start":{"line":949,"column":0},"end":{"line":949,"column":48}},"950":{"start":{"line":951,"column":0},"end":{"line":951,"column":58}},"951":{"start":{"line":952,"column":0},"end":{"line":952,"column":54}},"952":{"start":{"line":953,"column":0},"end":{"line":953,"column":42}},"953":{"start":{"line":954,"column":0},"end":{"line":954,"column":49}},"954":{"start":{"line":955,"column":0},"end":{"line":955,"column":53}},"955":{"start":{"line":956,"column":0},"end":{"line":956,"column":26}},"956":{"start":{"line":957,"column":0},"end":{"line":957,"column":44}},"957":{"start":{"line":958,"column":0},"end":{"line":958,"column":48}},"958":{"start":{"line":959,"column":0},"end":{"line":959,"column":49}},"959":{"start":{"line":960,"column":0},"end":{"line":960,"column":26}},"965":{"start":{"line":966,"column":0},"end":{"line":966,"column":69}},"966":{"start":{"line":967,"column":0},"end":{"line":967,"column":86}},"967":{"start":{"line":968,"column":0},"end":{"line":968,"column":49}},"968":{"start":{"line":969,"column":0},"end":{"line":969,"column":62}},"969":{"start":{"line":970,"column":0},"end":{"line":970,"column":61}},"970":{"start":{"line":971,"column":0},"end":{"line":971,"column":78}},"972":{"start":{"line":973,"column":0},"end":{"line":973,"column":62}},"974":{"start":{"line":975,"column":0},"end":{"line":975,"column":47}},"979":{"start":{"line":980,"column":0},"end":{"line":980,"column":38}},"982":{"start":{"line":983,"column":0},"end":{"line":983,"column":35}},"995":{"start":{"line":996,"column":0},"end":{"line":996,"column":21}},"996":{"start":{"line":997,"column":0},"end":{"line":997,"column":60}},"998":{"start":{"line":999,"column":0},"end":{"line":999,"column":29}},"1010":{"start":{"line":1011,"column":0},"end":{"line":1011,"column":22}},"1011":{"start":{"line":1012,"column":0},"end":{"line":1012,"column":26}},"1012":{"start":{"line":1013,"column":0},"end":{"line":1013,"column":70}},"1015":{"start":{"line":1016,"column":0},"end":{"line":1016,"column":56}},"1017":{"start":{"line":1018,"column":0},"end":{"line":1018,"column":42}},"1018":{"start":{"line":1019,"column":0},"end":{"line":1019,"column":48}},"1019":{"start":{"line":1020,"column":0},"end":{"line":1020,"column":89}},"1020":{"start":{"line":1021,"column":0},"end":{"line":1021,"column":26}},"1021":{"start":{"line":1022,"column":0},"end":{"line":1022,"column":44}},"1022":{"start":{"line":1023,"column":0},"end":{"line":1023,"column":48}},"1023":{"start":{"line":1024,"column":0},"end":{"line":1024,"column":49}},"1024":{"start":{"line":1025,"column":0},"end":{"line":1025,"column":26}},"1028":{"start":{"line":1029,"column":0},"end":{"line":1029,"column":67}},"1030":{"start":{"line":1031,"column":0},"end":{"line":1031,"column":45}},"1034":{"start":{"line":1035,"column":0},"end":{"line":1035,"column":79}},"1037":{"start":{"line":1038,"column":0},"end":{"line":1038,"column":54}},"1038":{"start":{"line":1039,"column":0},"end":{"line":1039,"column":56}},"1039":{"start":{"line":1040,"column":0},"end":{"line":1040,"column":57}},"1040":{"start":{"line":1041,"column":0},"end":{"line":1041,"column":60}},"1041":{"start":{"line":1042,"column":0},"end":{"line":1042,"column":35}},"1052":{"start":{"line":1053,"column":0},"end":{"line":1053,"column":87}},"1054":{"start":{"line":1055,"column":0},"end":{"line":1055,"column":57}},"1056":{"start":{"line":1057,"column":0},"end":{"line":1057,"column":89}},"1063":{"start":{"line":1064,"column":0},"end":{"line":1064,"column":37}},"1064":{"start":{"line":1065,"column":0},"end":{"line":1065,"column":31}},"1065":{"start":{"line":1066,"column":0},"end":{"line":1066,"column":33}},"1066":{"start":{"line":1067,"column":0},"end":{"line":1067,"column":33}},"1067":{"start":{"line":1068,"column":0},"end":{"line":1068,"column":34}},"1068":{"start":{"line":1069,"column":0},"end":{"line":1069,"column":33}},"1069":{"start":{"line":1070,"column":0},"end":{"line":1070,"column":29}},"1070":{"start":{"line":1071,"column":0},"end":{"line":1071,"column":30}},"1071":{"start":{"line":1072,"column":0},"end":{"line":1072,"column":41}},"1072":{"start":{"line":1073,"column":0},"end":{"line":1073,"column":31}},"1077":{"start":{"line":1078,"column":0},"end":{"line":1078,"column":21}},"1087":{"start":{"line":1088,"column":0},"end":{"line":1088,"column":23}},"1088":{"start":{"line":1089,"column":0},"end":{"line":1089,"column":82}},"1097":{"start":{"line":1098,"column":0},"end":{"line":1098,"column":25}},"1100":{"start":{"line":1101,"column":0},"end":{"line":1101,"column":58}},"1108":{"start":{"line":1109,"column":0},"end":{"line":1109,"column":43}},"1110":{"start":{"line":1111,"column":0},"end":{"line":1111,"column":110}},"1113":{"start":{"line":1114,"column":0},"end":{"line":1114,"column":52}},"1115":{"start":{"line":1116,"column":0},"end":{"line":1116,"column":44}}},"s":{"0":1,"18":1,"19":1746,"21":1,"22":1,"23":1,"25":1,"26":1,"30":1,"31":1,"32":1,"33":1,"34":1,"35":1,"38":1,"39":1,"40":1,"41":1,"42":1,"43":1,"44":1,"45":1,"46":1,"47":1,"50":1,"51":1,"52":1,"53":1,"54":1,"55":1,"56":1,"57":1,"58":1,"59":1,"62":1,"63":1,"64":1,"65":1,"68":1,"69":1,"70":1,"71":1,"72":1,"73":1,"74":1,"77":1,"78":60,"79":1,"80":1,"81":50,"82":50,"83":1,"84":1,"85":1,"86":0,"87":1,"88":1,"89":1,"90":1,"91":1,"94":1,"96":1,"97":1,"98":194,"99":1,"100":1,"101":130,"102":1,"105":1,"108":1,"109":1,"110":1,"111":1,"112":1,"113":1,"114":1,"115":1,"116":1,"117":1,"135":1,"136":1,"137":1,"140":1,"141":1,"142":344,"143":344,"144":13,"145":187,"148":1,"149":1,"150":1,"151":1,"152":1,"153":1,"154":1,"155":1,"158":1,"159":1,"160":1,"161":1,"164":1,"165":4,"166":4,"167":4,"168":4,"169":4,"170":1,"172":1,"173":1,"174":1,"175":1,"176":1,"177":1,"178":1,"179":1,"180":1,"181":1,"182":1,"184":1,"185":1,"186":1,"187":1,"188":1,"189":1,"190":1,"191":1,"192":1,"193":1,"194":368,"195":368,"196":2,"197":365,"199":1,"200":339,"202":1,"203":86,"205":1,"207":1,"208":1,"209":1,"210":1,"211":1,"212":1,"213":1,"214":1,"217":1,"218":1,"219":248,"220":248,"221":248,"222":248,"223":248,"224":248,"225":1,"228":1,"229":1,"230":1,"231":1,"232":1,"235":1,"236":1,"237":1,"238":1,"239":1,"240":1,"241":1,"242":1,"243":1,"244":1,"245":1,"247":1,"248":1,"249":1,"250":1,"251":1,"252":1,"253":1,"255":1,"257":1,"259":1,"260":209,"261":209,"262":1,"263":1,"264":404,"265":404,"266":404,"267":404,"269":404,"270":404,"271":404,"272":404,"273":404,"274":404,"275":404,"276":404,"277":404,"278":404,"279":404,"280":404,"281":404,"284":1,"285":1,"286":333,"287":333,"288":333,"289":333,"290":1,"291":1,"293":209,"294":40,"295":40,"296":1,"297":1,"299":418,"300":0,"301":0,"303":418,"304":1,"305":1,"306":259,"307":1,"308":1,"309":350,"310":1,"311":1,"312":315,"313":7,"314":7,"315":1,"316":1,"317":279,"318":1,"319":1,"320":258,"321":258,"322":258,"323":258,"324":1,"325":1,"326":325,"327":1,"328":1,"329":268,"330":1,"331":1,"332":300,"333":300,"334":300,"335":300,"336":90,"337":210,"338":300,"339":1,"340":1,"341":300,"342":300,"343":300,"344":300,"345":300,"346":300,"347":1,"349":1,"350":480,"351":480,"352":480,"353":480,"354":480,"355":480,"356":157,"357":25,"358":25,"360":132,"361":1,"362":1,"363":157,"364":480,"365":1,"366":1,"367":473,"368":1,"369":1,"370":418,"371":1,"372":1,"373":328,"374":328,"375":328,"376":328,"377":328,"378":1,"379":1,"380":328,"381":1,"382":1,"383":258,"384":51,"385":51,"386":51,"387":51,"388":1,"389":1,"390":209,"391":209,"392":209,"393":1,"394":1,"395":209,"396":3,"397":3,"398":3,"399":1,"400":1,"402":265,"404":265,"406":265,"407":265,"408":265,"409":265,"410":265,"413":265,"415":51,"416":51,"419":51,"421":51,"422":22,"423":22,"426":22,"427":7,"428":22,"430":14,"431":14,"433":21,"434":21,"435":21,"436":21,"437":22,"438":22,"442":22,"443":4,"444":4,"445":2,"446":2,"449":4,"450":4,"453":4,"455":4,"456":0,"457":0,"459":0,"460":0,"461":0,"462":0,"463":22,"465":0,"466":0,"468":21,"470":21,"472":21,"473":22,"474":1,"476":1,"477":1,"478":1,"479":1,"480":51,"483":51,"484":50,"485":51,"486":1,"487":1,"488":51,"491":51,"492":0,"493":0,"494":265,"496":0,"497":0,"498":0,"499":0,"500":0,"501":0,"502":0,"503":0,"504":0,"505":0,"506":0,"507":1,"509":1,"510":51,"512":5,"513":5,"514":5,"515":5,"517":0,"518":0,"520":1,"521":27,"522":27,"524":1,"525":42,"526":42,"527":42,"529":42,"530":42,"531":42,"532":42,"534":42,"535":42,"536":42,"537":42,"538":42,"539":42,"541":1,"542":343,"543":343,"544":16,"545":16,"546":9,"547":9,"549":343,"550":60,"551":102,"553":11,"554":11,"555":11,"556":91,"557":60,"558":60,"559":343,"561":1,"562":42,"563":37,"565":35,"566":1,"567":1,"568":35,"569":3,"570":3,"571":3,"572":42,"574":1,"575":0,"576":0,"577":0,"578":0,"580":1,"581":46,"583":108,"584":108,"585":108,"587":46,"588":46,"590":1,"591":36,"593":36,"594":36,"596":36,"597":332,"599":332,"600":64,"601":64,"602":64,"603":64,"604":64,"605":64,"606":64,"607":64,"610":64,"611":64,"613":332,"614":36,"616":36,"618":36,"619":64,"620":36,"622":36,"623":36,"625":1,"626":209,"627":74,"628":20,"629":20,"630":20,"631":20,"633":74,"635":209,"636":57,"637":57,"638":209,"640":1,"641":40,"642":28,"643":27,"644":28,"645":1,"646":1,"647":28,"648":40,"650":1,"651":34,"653":34,"655":34,"656":84,"657":34,"659":34,"660":34,"662":1,"663":60,"664":60,"665":17,"666":17,"667":60,"669":1,"672":254,"675":43,"676":0,"677":0,"679":43,"681":211,"684":26,"686":240,"687":4,"688":4,"689":254,"691":1,"692":300,"693":300,"694":300,"695":300,"697":300,"699":2,"700":2,"701":1,"702":2,"704":1,"705":1,"706":3,"707":1,"708":1,"709":2,"712":300,"713":300,"717":300,"718":6,"719":6,"722":300,"723":75,"724":75,"727":300,"728":133,"729":133,"731":86,"732":86,"734":1,"735":60,"737":60,"738":60,"739":113,"740":113,"741":112,"742":112,"743":60,"745":60,"746":60,"748":60,"749":60,"751":1,"752":4,"753":4,"754":4,"756":1,"757":6,"759":6,"761":6,"762":6,"763":3,"764":3,"765":3,"766":6,"767":3,"768":3,"769":6,"770":6,"772":1,"773":189,"774":189,"775":53,"776":53,"777":189,"778":189,"779":189,"781":1,"782":20,"783":20,"784":17,"785":17,"786":17,"787":17,"788":17,"789":17,"790":20,"792":1,"793":54,"794":54,"795":54,"796":54,"797":54,"799":1,"800":204,"801":202,"802":202,"803":204,"804":204,"806":1,"807":1,"808":1,"809":1,"810":1,"811":1,"813":1,"814":23,"815":23,"816":3,"817":3,"818":23,"820":1,"821":209,"822":1,"824":1,"825":46,"826":42,"827":42,"829":1,"830":1,"831":1,"832":1,"834":1,"835":25,"836":25,"837":20,"838":20,"839":20,"840":20,"841":25,"843":1,"844":64,"845":546,"848":64,"849":3,"850":3,"853":61,"854":61,"857":61,"859":64,"860":43,"861":64,"863":18,"864":18,"867":61,"868":64,"869":59,"870":64,"871":2,"872":2,"875":61,"876":61,"877":61,"879":1,"880":1229,"881":1229,"882":1229,"883":1229,"885":1,"886":20,"887":20,"889":1,"890":135,"891":135,"892":135,"893":135,"895":1,"896":328,"897":135,"898":135,"899":135,"900":135,"902":1,"903":39,"904":39,"905":39,"906":39,"907":39,"910":1,"913":1,"914":1,"917":1,"918":1,"919":1,"920":1,"921":1,"922":1,"925":1,"928":1,"931":1,"932":1,"933":1,"934":1,"935":1,"936":1,"937":1,"938":1,"939":1,"940":1,"946":1,"947":1,"948":1,"950":1,"951":1,"952":1,"953":25,"954":25,"955":1,"956":1,"957":1,"958":1,"959":1,"965":1,"966":1,"967":1,"968":1,"969":1,"970":1,"972":1,"974":1,"979":1,"982":1,"995":1,"996":1,"998":1,"1010":1,"1011":1,"1012":1,"1015":1,"1017":1,"1018":3,"1019":3,"1020":1,"1021":1,"1022":1,"1023":1,"1024":1,"1028":1,"1030":1,"1034":1,"1037":1,"1038":5,"1039":5,"1040":5,"1041":1,"1052":1,"1054":1,"1056":1,"1063":1,"1064":1,"1065":1,"1066":1,"1067":1,"1068":1,"1069":1,"1070":1,"1071":1,"1072":1,"1077":1,"1087":1,"1088":1,"1097":1,"1100":1,"1108":1,"1110":1,"1113":1,"1115":1},"branchMap":{"0":{"type":"branch","line":793,"loc":{"start":{"line":793,"column":13},"end":{"line":798,"column":5}},"locations":[{"start":{"line":793,"column":13},"end":{"line":798,"column":5}}]},"1":{"type":"branch","line":795,"loc":{"start":{"line":795,"column":20},"end":{"line":795,"column":29}},"locations":[{"start":{"line":795,"column":20},"end":{"line":795,"column":29}}]},"2":{"type":"branch","line":796,"loc":{"start":{"line":796,"column":22},"end":{"line":796,"column":47}},"locations":[{"start":{"line":796,"column":22},"end":{"line":796,"column":47}}]},"3":{"type":"branch","line":796,"loc":{"start":{"line":796,"column":47},"end":{"line":796,"column":74}},"locations":[{"start":{"line":796,"column":47},"end":{"line":796,"column":74}}]},"4":{"type":"branch","line":934,"loc":{"start":{"line":934,"column":26},"end":{"line":937,"column":14}},"locations":[{"start":{"line":934,"column":26},"end":{"line":937,"column":14}}]},"5":{"type":"branch","line":938,"loc":{"start":{"line":938,"column":26},"end":{"line":941,"column":14}},"locations":[{"start":{"line":938,"column":26},"end":{"line":941,"column":14}}]},"6":{"type":"branch","line":957,"loc":{"start":{"line":957,"column":36},"end":{"line":960,"column":26}},"locations":[{"start":{"line":957,"column":36},"end":{"line":960,"column":26}}]},"7":{"type":"branch","line":1022,"loc":{"start":{"line":1022,"column":36},"end":{"line":1025,"column":26}},"locations":[{"start":{"line":1022,"column":36},"end":{"line":1025,"column":26}}]},"8":{"type":"branch","line":19,"loc":{"start":{"line":19,"column":27},"end":{"line":20,"column":69}},"locations":[{"start":{"line":19,"column":27},"end":{"line":20,"column":69}}]},"9":{"type":"branch","line":23,"loc":{"start":{"line":23,"column":25},"end":{"line":23,"column":63}},"locations":[{"start":{"line":23,"column":25},"end":{"line":23,"column":63}}]},"10":{"type":"branch","line":70,"loc":{"start":{"line":70,"column":22},"end":{"line":70,"column":28}},"locations":[{"start":{"line":70,"column":22},"end":{"line":70,"column":28}}]},"11":{"type":"branch","line":72,"loc":{"start":{"line":72,"column":23},"end":{"line":72,"column":29}},"locations":[{"start":{"line":72,"column":23},"end":{"line":72,"column":29}}]},"12":{"type":"branch","line":75,"loc":{"start":{"line":75,"column":23},"end":{"line":75,"column":29}},"locations":[{"start":{"line":75,"column":23},"end":{"line":75,"column":29}}]},"13":{"type":"branch","line":78,"loc":{"start":{"line":78,"column":29},"end":{"line":80,"column":9}},"locations":[{"start":{"line":78,"column":29},"end":{"line":80,"column":9}}]},"14":{"type":"branch","line":81,"loc":{"start":{"line":81,"column":16},"end":{"line":84,"column":9}},"locations":[{"start":{"line":81,"column":16},"end":{"line":84,"column":9}}]},"15":{"type":"branch","line":90,"loc":{"start":{"line":90,"column":19},"end":{"line":90,"column":50}},"locations":[{"start":{"line":90,"column":19},"end":{"line":90,"column":50}}]},"16":{"type":"branch","line":95,"loc":{"start":{"line":95,"column":19},"end":{"line":97,"column":9}},"locations":[{"start":{"line":95,"column":19},"end":{"line":97,"column":9}}]},"17":{"type":"branch","line":98,"loc":{"start":{"line":98,"column":20},"end":{"line":100,"column":9}},"locations":[{"start":{"line":98,"column":20},"end":{"line":100,"column":9}}]},"18":{"type":"branch","line":101,"loc":{"start":{"line":101,"column":18},"end":{"line":103,"column":9}},"locations":[{"start":{"line":101,"column":18},"end":{"line":103,"column":9}}]},"19":{"type":"branch","line":109,"loc":{"start":{"line":109,"column":14},"end":{"line":109,"column":25}},"locations":[{"start":{"line":109,"column":14},"end":{"line":109,"column":25}}]},"20":{"type":"branch","line":110,"loc":{"start":{"line":110,"column":16},"end":{"line":110,"column":27}},"locations":[{"start":{"line":110,"column":16},"end":{"line":110,"column":27}}]},"21":{"type":"branch","line":111,"loc":{"start":{"line":111,"column":15},"end":{"line":111,"column":26}},"locations":[{"start":{"line":111,"column":15},"end":{"line":111,"column":26}}]},"22":{"type":"branch","line":113,"loc":{"start":{"line":113,"column":16},"end":{"line":113,"column":27}},"locations":[{"start":{"line":113,"column":16},"end":{"line":113,"column":27}}]},"23":{"type":"branch","line":114,"loc":{"start":{"line":114,"column":15},"end":{"line":114,"column":26}},"locations":[{"start":{"line":114,"column":15},"end":{"line":114,"column":26}}]},"24":{"type":"branch","line":115,"loc":{"start":{"line":115,"column":19},"end":{"line":115,"column":30}},"locations":[{"start":{"line":115,"column":19},"end":{"line":115,"column":30}}]},"25":{"type":"branch","line":116,"loc":{"start":{"line":116,"column":15},"end":{"line":116,"column":26}},"locations":[{"start":{"line":116,"column":15},"end":{"line":116,"column":26}}]},"26":{"type":"branch","line":118,"loc":{"start":{"line":118,"column":16},"end":{"line":118,"column":27}},"locations":[{"start":{"line":118,"column":16},"end":{"line":118,"column":27}}]},"27":{"type":"branch","line":142,"loc":{"start":{"line":142,"column":9},"end":{"line":146,"column":23}},"locations":[{"start":{"line":142,"column":9},"end":{"line":146,"column":23}}]},"28":{"type":"branch","line":143,"loc":{"start":{"line":143,"column":14},"end":{"line":143,"column":18}},"locations":[{"start":{"line":143,"column":14},"end":{"line":143,"column":18}}]},"29":{"type":"branch","line":144,"loc":{"start":{"line":144,"column":21},"end":{"line":146,"column":23}},"locations":[{"start":{"line":144,"column":21},"end":{"line":146,"column":23}}]},"30":{"type":"branch","line":144,"loc":{"start":{"line":144,"column":38},"end":{"line":145,"column":41}},"locations":[{"start":{"line":144,"column":38},"end":{"line":145,"column":41}}]},"31":{"type":"branch","line":145,"loc":{"start":{"line":145,"column":39},"end":{"line":146,"column":23}},"locations":[{"start":{"line":145,"column":39},"end":{"line":146,"column":23}}]},"32":{"type":"branch","line":165,"loc":{"start":{"line":165,"column":15},"end":{"line":171,"column":5}},"locations":[{"start":{"line":165,"column":15},"end":{"line":171,"column":5}}]},"33":{"type":"branch","line":176,"loc":{"start":{"line":176,"column":22},"end":{"line":176,"column":35}},"locations":[{"start":{"line":176,"column":22},"end":{"line":176,"column":35}}]},"34":{"type":"branch","line":176,"loc":{"start":{"line":176,"column":35},"end":{"line":176,"column":48}},"locations":[{"start":{"line":176,"column":35},"end":{"line":176,"column":48}}]},"35":{"type":"branch","line":177,"loc":{"start":{"line":177,"column":33},"end":{"line":177,"column":54}},"locations":[{"start":{"line":177,"column":33},"end":{"line":177,"column":54}}]},"36":{"type":"branch","line":177,"loc":{"start":{"line":177,"column":49},"end":{"line":177,"column":63}},"locations":[{"start":{"line":177,"column":49},"end":{"line":177,"column":63}}]},"37":{"type":"branch","line":182,"loc":{"start":{"line":182,"column":14},"end":{"line":182,"column":22}},"locations":[{"start":{"line":182,"column":14},"end":{"line":182,"column":22}}]},"38":{"type":"branch","line":182,"loc":{"start":{"line":182,"column":19},"end":{"line":182,"column":31}},"locations":[{"start":{"line":182,"column":19},"end":{"line":182,"column":31}}]},"39":{"type":"branch","line":194,"loc":{"start":{"line":194,"column":8},"end":{"line":198,"column":42}},"locations":[{"start":{"line":194,"column":8},"end":{"line":198,"column":42}}]},"40":{"type":"branch","line":194,"loc":{"start":{"line":194,"column":29},"end":{"line":194,"column":41}},"locations":[{"start":{"line":194,"column":29},"end":{"line":194,"column":41}}]},"41":{"type":"branch","line":195,"loc":{"start":{"line":195,"column":14},"end":{"line":195,"column":25}},"locations":[{"start":{"line":195,"column":14},"end":{"line":195,"column":25}}]},"42":{"type":"branch","line":196,"loc":{"start":{"line":196,"column":14},"end":{"line":198,"column":42}},"locations":[{"start":{"line":196,"column":14},"end":{"line":198,"column":42}}]},"43":{"type":"branch","line":196,"loc":{"start":{"line":196,"column":22},"end":{"line":196,"column":45}},"locations":[{"start":{"line":196,"column":22},"end":{"line":196,"column":45}}]},"44":{"type":"branch","line":196,"loc":{"start":{"line":196,"column":31},"end":{"line":196,"column":39}},"locations":[{"start":{"line":196,"column":31},"end":{"line":196,"column":39}}]},"45":{"type":"branch","line":196,"loc":{"start":{"line":196,"column":44},"end":{"line":197,"column":29}},"locations":[{"start":{"line":196,"column":44},"end":{"line":197,"column":29}}]},"46":{"type":"branch","line":197,"loc":{"start":{"line":197,"column":18},"end":{"line":198,"column":42}},"locations":[{"start":{"line":197,"column":18},"end":{"line":198,"column":42}}]},"47":{"type":"branch","line":198,"loc":{"start":{"line":198,"column":23},"end":{"line":198,"column":28}},"locations":[{"start":{"line":198,"column":23},"end":{"line":198,"column":28}}]},"48":{"type":"branch","line":198,"loc":{"start":{"line":198,"column":28},"end":{"line":198,"column":42}},"locations":[{"start":{"line":198,"column":28},"end":{"line":198,"column":42}}]},"49":{"type":"branch","line":200,"loc":{"start":{"line":200,"column":17},"end":{"line":201,"column":54}},"locations":[{"start":{"line":200,"column":17},"end":{"line":201,"column":54}}]},"50":{"type":"branch","line":201,"loc":{"start":{"line":201,"column":16},"end":{"line":201,"column":34}},"locations":[{"start":{"line":201,"column":16},"end":{"line":201,"column":34}}]},"51":{"type":"branch","line":201,"loc":{"start":{"line":201,"column":29},"end":{"line":201,"column":47}},"locations":[{"start":{"line":201,"column":29},"end":{"line":201,"column":47}}]},"52":{"type":"branch","line":201,"loc":{"start":{"line":201,"column":42},"end":{"line":201,"column":54}},"locations":[{"start":{"line":201,"column":42},"end":{"line":201,"column":54}}]},"53":{"type":"branch","line":203,"loc":{"start":{"line":203,"column":24},"end":{"line":204,"column":41}},"locations":[{"start":{"line":203,"column":24},"end":{"line":204,"column":41}}]},"54":{"type":"branch","line":219,"loc":{"start":{"line":219,"column":8},"end":{"line":226,"column":14}},"locations":[{"start":{"line":219,"column":8},"end":{"line":226,"column":14}}]},"55":{"type":"branch","line":226,"loc":{"start":{"line":226,"column":13},"end":{"line":226,"column":14}},"locations":[{"start":{"line":226,"column":13},"end":{"line":226,"column":14}}]},"56":{"type":"branch","line":248,"loc":{"start":{"line":248,"column":19},"end":{"line":248,"column":41}},"locations":[{"start":{"line":248,"column":19},"end":{"line":248,"column":41}}]},"57":{"type":"branch","line":250,"loc":{"start":{"line":250,"column":22},"end":{"line":250,"column":47}},"locations":[{"start":{"line":250,"column":22},"end":{"line":250,"column":47}}]},"58":{"type":"branch","line":260,"loc":{"start":{"line":260,"column":11},"end":{"line":263,"column":5}},"locations":[{"start":{"line":260,"column":11},"end":{"line":263,"column":5}}]},"59":{"type":"branch","line":261,"loc":{"start":{"line":261,"column":22},"end":{"line":261,"column":37}},"locations":[{"start":{"line":261,"column":22},"end":{"line":261,"column":37}}]},"60":{"type":"branch","line":262,"loc":{"start":{"line":262,"column":19},"end":{"line":262,"column":30}},"locations":[{"start":{"line":262,"column":19},"end":{"line":262,"column":30}}]},"61":{"type":"branch","line":262,"loc":{"start":{"line":262,"column":30},"end":{"line":262,"column":44}},"locations":[{"start":{"line":262,"column":30},"end":{"line":262,"column":44}}]},"62":{"type":"branch","line":264,"loc":{"start":{"line":264,"column":15},"end":{"line":285,"column":5}},"locations":[{"start":{"line":264,"column":15},"end":{"line":285,"column":5}}]},"63":{"type":"branch","line":286,"loc":{"start":{"line":286,"column":11},"end":{"line":291,"column":5}},"locations":[{"start":{"line":286,"column":11},"end":{"line":291,"column":5}}]},"64":{"type":"branch","line":288,"loc":{"start":{"line":288,"column":15},"end":{"line":290,"column":9}},"locations":[{"start":{"line":288,"column":15},"end":{"line":290,"column":9}}]},"65":{"type":"branch","line":289,"loc":{"start":{"line":289,"column":23},"end":{"line":289,"column":34}},"locations":[{"start":{"line":289,"column":23},"end":{"line":289,"column":34}}]},"66":{"type":"branch","line":292,"loc":{"start":{"line":292,"column":11},"end":{"line":297,"column":5}},"locations":[{"start":{"line":292,"column":11},"end":{"line":297,"column":5}}]},"67":{"type":"branch","line":294,"loc":{"start":{"line":294,"column":22},"end":{"line":296,"column":9}},"locations":[{"start":{"line":294,"column":22},"end":{"line":296,"column":9}}]},"68":{"type":"branch","line":295,"loc":{"start":{"line":295,"column":19},"end":{"line":295,"column":40}},"locations":[{"start":{"line":295,"column":19},"end":{"line":295,"column":40}}]},"69":{"type":"branch","line":298,"loc":{"start":{"line":298,"column":11},"end":{"line":305,"column":5}},"locations":[{"start":{"line":298,"column":11},"end":{"line":305,"column":5}}]},"70":{"type":"branch","line":300,"loc":{"start":{"line":300,"column":25},"end":{"line":300,"column":42}},"locations":[{"start":{"line":300,"column":25},"end":{"line":300,"column":42}}]},"71":{"type":"branch","line":300,"loc":{"start":{"line":300,"column":38},"end":{"line":300,"column":49}},"locations":[{"start":{"line":300,"column":38},"end":{"line":300,"column":49}}]},"72":{"type":"branch","line":300,"loc":{"start":{"line":300,"column":49},"end":{"line":302,"column":9}},"locations":[{"start":{"line":300,"column":49},"end":{"line":302,"column":9}}]},"73":{"type":"branch","line":306,"loc":{"start":{"line":306,"column":11},"end":{"line":308,"column":5}},"locations":[{"start":{"line":306,"column":11},"end":{"line":308,"column":5}}]},"74":{"type":"branch","line":307,"loc":{"start":{"line":307,"column":20},"end":{"line":307,"column":33}},"locations":[{"start":{"line":307,"column":20},"end":{"line":307,"column":33}}]},"75":{"type":"branch","line":307,"loc":{"start":{"line":307,"column":29},"end":{"line":307,"column":49}},"locations":[{"start":{"line":307,"column":29},"end":{"line":307,"column":49}}]},"76":{"type":"branch","line":307,"loc":{"start":{"line":307,"column":51},"end":{"line":307,"column":77}},"locations":[{"start":{"line":307,"column":51},"end":{"line":307,"column":77}}]},"77":{"type":"branch","line":309,"loc":{"start":{"line":309,"column":11},"end":{"line":311,"column":5}},"locations":[{"start":{"line":309,"column":11},"end":{"line":311,"column":5}}]},"78":{"type":"branch","line":310,"loc":{"start":{"line":310,"column":19},"end":{"line":310,"column":42}},"locations":[{"start":{"line":310,"column":19},"end":{"line":310,"column":42}}]},"79":{"type":"branch","line":312,"loc":{"start":{"line":312,"column":11},"end":{"line":316,"column":5}},"locations":[{"start":{"line":312,"column":11},"end":{"line":316,"column":5}}]},"80":{"type":"branch","line":313,"loc":{"start":{"line":313,"column":22},"end":{"line":313,"column":34}},"locations":[{"start":{"line":313,"column":22},"end":{"line":313,"column":34}}]},"81":{"type":"branch","line":313,"loc":{"start":{"line":313,"column":34},"end":{"line":315,"column":9}},"locations":[{"start":{"line":313,"column":34},"end":{"line":315,"column":9}}]},"82":{"type":"branch","line":317,"loc":{"start":{"line":317,"column":11},"end":{"line":319,"column":5}},"locations":[{"start":{"line":317,"column":11},"end":{"line":319,"column":5}}]},"83":{"type":"branch","line":318,"loc":{"start":{"line":318,"column":20},"end":{"line":318,"column":31}},"locations":[{"start":{"line":318,"column":20},"end":{"line":318,"column":31}}]},"84":{"type":"branch","line":318,"loc":{"start":{"line":318,"column":31},"end":{"line":318,"column":43}},"locations":[{"start":{"line":318,"column":31},"end":{"line":318,"column":43}}]},"85":{"type":"branch","line":320,"loc":{"start":{"line":320,"column":11},"end":{"line":325,"column":5}},"locations":[{"start":{"line":320,"column":11},"end":{"line":325,"column":5}}]},"86":{"type":"branch","line":322,"loc":{"start":{"line":322,"column":15},"end":{"line":324,"column":9}},"locations":[{"start":{"line":322,"column":15},"end":{"line":324,"column":9}}]},"87":{"type":"branch","line":323,"loc":{"start":{"line":323,"column":48},"end":{"line":323,"column":66}},"locations":[{"start":{"line":323,"column":48},"end":{"line":323,"column":66}}]},"88":{"type":"branch","line":326,"loc":{"start":{"line":326,"column":11},"end":{"line":328,"column":5}},"locations":[{"start":{"line":326,"column":11},"end":{"line":328,"column":5}}]},"89":{"type":"branch","line":327,"loc":{"start":{"line":327,"column":21},"end":{"line":327,"column":37}},"locations":[{"start":{"line":327,"column":21},"end":{"line":327,"column":37}}]},"90":{"type":"branch","line":327,"loc":{"start":{"line":327,"column":33},"end":{"line":327,"column":46}},"locations":[{"start":{"line":327,"column":33},"end":{"line":327,"column":46}}]},"91":{"type":"branch","line":327,"loc":{"start":{"line":327,"column":42},"end":{"line":327,"column":61}},"locations":[{"start":{"line":327,"column":42},"end":{"line":327,"column":61}}]},"92":{"type":"branch","line":327,"loc":{"start":{"line":327,"column":61},"end":{"line":327,"column":89}},"locations":[{"start":{"line":327,"column":61},"end":{"line":327,"column":89}}]},"93":{"type":"branch","line":329,"loc":{"start":{"line":329,"column":11},"end":{"line":331,"column":5}},"locations":[{"start":{"line":329,"column":11},"end":{"line":331,"column":5}}]},"94":{"type":"branch","line":332,"loc":{"start":{"line":332,"column":11},"end":{"line":340,"column":5}},"locations":[{"start":{"line":332,"column":11},"end":{"line":340,"column":5}}]},"95":{"type":"branch","line":335,"loc":{"start":{"line":335,"column":15},"end":{"line":339,"column":9}},"locations":[{"start":{"line":335,"co
[...]
{"start":{"line":140,"column":0},"end":{"line":140,"column":27}},"140":{"start":{"line":141,"column":0},"end":{"line":141,"column":27}},"141":{"start":{"line":142,"column":0},"end":{"line":142,"column":28}},"143":{"start":{"line":144,"column":0},"end":{"line":144,"column":1}}},"s":{"3":1,"4":234,"5":146,"7":146,"8":146,"10":140,"11":140,"12":140,"13":140,"14":140,"15":140,"16":140,"17":140,"18":140,"21":140,"22":145,"23":118,"24":118,"25":146,"27":234,"28":2,"29":2,"30":2,"32":234,"33":30,"35":30,"37":30,"38":29,"40":27,"42":30,"43":2,"44":30,"45":25,"46":25,"47":30,"49":234,"50":54,"52":54,"54":54,"55":45,"56":54,"57":9,"58":9,"59":9,"60":54,"62":234,"63":3,"65":3,"67":3,"68":2,"69":3,"70":1,"71":1,"72":1,"73":3,"75":234,"76":5,"78":5,"80":5,"81":1,"83":1,"85":3,"86":3,"87":3,"88":3,"90":234,"91":8,"93":8,"95":8,"96":5,"97":5,"99":5,"101":5,"102":5,"103":5,"104":8,"106":234,"107":11,"109":11,"111":11,"112":9,"113":2,"114":9,"115":5,"116":5,"117":9,"118":11,"120":234,"121":5,"123":5,"125":5,"126":1,"127":5,"128":2,"129":2,"130":5,"133":234,"134":234,"135":234,"136":234,"137":234,"138":234,"139":234,"140":234,"141":234,"143":234},"branchMap":{"0":{"type":"branch","line":4,"loc":{"start":{"line":4,"column":16},"end":{"line":144,"column":1}},"locations":[{"start":{"line":4,"column":16},"end":{"line":144,"column":1}}]},"1":{"type":"branch","line":5,"loc":{"start":{"line":5,"column":13},"end":{"line":26,"column":5}},"locations":[{"start":{"line":5,"column":13},"end":{"line":26,"column":5}}]},"2":{"type":"branch","line":9,"loc":{"start":{"line":9,"column":13},"end":{"line":9,"column":29}},"locations":[{"start":{"line":9,"column":13},"end":{"line":9,"column":29}}]},"3":{"type":"branch","line":9,"loc":{"start":{"line":9,"column":13},"end":{"line":25,"column":9}},"locations":[{"start":{"line":9,"column":13},"end":{"line":25,"column":9}}]},"4":{"type":"branch","line":9,"loc":{"start":{"line":9,"column":13},"end":{"line":23,"column":21}},"locations":[{"start":{"line":9,"column":13},"end":{"line":23,"column":21}}]},"5":{"type":"branch","line":23,"loc":{"start":{"line":23,"column":21},"end":{"line":25,"column":9}},"locations":[{"start":{"line":23,"column":21},"end":{"line":25,"column":9}}]},"6":{"type":"branch","line":28,"loc":{"start":{"line":28,"column":13},"end":{"line":31,"column":5}},"locations":[{"start":{"line":28,"column":13},"end":{"line":31,"column":5}}]},"7":{"type":"branch","line":33,"loc":{"start":{"line":33,"column":13},"end":{"line":48,"column":5}},"locations":[{"start":{"line":33,"column":13},"end":{"line":48,"column":5}}]},"8":{"type":"branch","line":38,"loc":{"start":{"line":38,"column":13},"end":{"line":38,"column":30}},"locations":[{"start":{"line":38,"column":13},"end":{"line":38,"column":30}}]},"9":{"type":"branch","line":38,"loc":{"start":{"line":38,"column":13},"end":{"line":39,"column":47}},"locations":[{"start":{"line":38,"column":13},"end":{"line":39,"column":47}}]},"10":{"type":"branch","line":39,"loc":{"start":{"line":39,"column":37},"end":{"line":39,"column":47}},"locations":[{"start":{"line":39,"column":37},"end":{"line":39,"column":47}}]},"11":{"type":"branch","line":39,"loc":{"start":{"line":39,"column":37},"end":{"line":43,"column":25}},"locations":[{"start":{"line":39,"column":37},"end":{"line":43,"column":25}}]},"12":{"type":"branch","line":43,"loc":{"start":{"line":43,"column":13},"end":{"line":43,"column":66}},"locations":[{"start":{"line":43,"column":13},"end":{"line":43,"column":66}}]},"13":{"type":"branch","line":43,"loc":{"start":{"line":43,"column":66},"end":{"line":45,"column":15}},"locations":[{"start":{"line":43,"column":66},"end":{"line":45,"column":15}}]},"14":{"type":"branch","line":45,"loc":{"start":{"line":45,"column":8},"end":{"line":47,"column":9}},"locations":[{"start":{"line":45,"column":8},"end":{"line":47,"column":9}}]},"15":{"type":"branch","line":50,"loc":{"start":{"line":50,"column":13},"end":{"line":61,"column":5}},"locations":[{"start":{"line":50,"column":13},"end":{"line":61,"column":5}}]},"16":{"type":"branch","line":55,"loc":{"start":{"line":55,"column":22},"end":{"line":57,"column":15}},"locations":[{"start":{"line":55,"column":22},"end":{"line":57,"column":15}}]},"17":{"type":"branch","line":57,"loc":{"start":{"line":57,"column":8},"end":{"line":60,"column":9}},"locations":[{"start":{"line":57,"column":8},"end":{"line":60,"column":9}}]},"18":{"type":"branch","line":63,"loc":{"start":{"line":63,"column":13},"end":{"line":74,"column":5}},"locations":[{"start":{"line":63,"column":13},"end":{"line":74,"column":5}}]},"19":{"type":"branch","line":68,"loc":{"start":{"line":68,"column":22},"end":{"line":70,"column":15}},"locations":[{"start":{"line":68,"column":22},"end":{"line":70,"column":15}}]},"20":{"type":"branch","line":70,"loc":{"start":{"line":70,"column":8},"end":{"line":73,"column":9}},"locations":[{"start":{"line":70,"column":8},"end":{"line":73,"column":9}}]},"21":{"type":"branch","line":76,"loc":{"start":{"line":76,"column":13},"end":{"line":89,"column":5}},"locations":[{"start":{"line":76,"column":13},"end":{"line":89,"column":5}}]},"22":{"type":"branch","line":79,"loc":{"start":{"line":79,"column":13},"end":{"line":79,"column":42}},"locations":[{"start":{"line":79,"column":13},"end":{"line":79,"column":42}}]},"23":{"type":"branch","line":79,"loc":{"start":{"line":79,"column":26},"end":{"line":79,"column":42}},"locations":[{"start":{"line":79,"column":26},"end":{"line":79,"column":42}}]},"24":{"type":"branch","line":79,"loc":{"start":{"line":79,"column":26},"end":{"line":81,"column":103}},"locations":[{"start":{"line":79,"column":26},"end":{"line":81,"column":103}}]},"25":{"type":"branch","line":81,"loc":{"start":{"line":81,"column":103},"end":{"line":89,"column":5}},"locations":[{"start":{"line":81,"column":103},"end":{"line":89,"column":5}}]},"26":{"type":"branch","line":81,"loc":{"start":{"line":81,"column":103},"end":{"line":84,"column":9}},"locations":[{"start":{"line":81,"column":103},"end":{"line":84,"column":9}}]},"27":{"type":"branch","line":91,"loc":{"start":{"line":91,"column":13},"end":{"line":105,"column":5}},"locations":[{"start":{"line":91,"column":13},"end":{"line":105,"column":5}}]},"28":{"type":"branch","line":94,"loc":{"start":{"line":94,"column":13},"end":{"line":94,"column":55}},"locations":[{"start":{"line":94,"column":13},"end":{"line":94,"column":55}}]},"29":{"type":"branch","line":94,"loc":{"start":{"line":94,"column":45},"end":{"line":94,"column":55}},"locations":[{"start":{"line":94,"column":45},"end":{"line":94,"column":55}}]},"30":{"type":"branch","line":94,"loc":{"start":{"line":94,"column":45},"end":{"line":96,"column":33}},"locations":[{"start":{"line":94,"column":45},"end":{"line":96,"column":33}}]},"31":{"type":"branch","line":96,"loc":{"start":{"line":96,"column":24},"end":{"line":96,"column":51}},"locations":[{"start":{"line":96,"column":24},"end":{"line":96,"column":51}}]},"32":{"type":"branch","line":96,"loc":{"start":{"line":96,"column":51},"end":{"line":104,"column":9}},"locations":[{"start":{"line":96,"column":51},"end":{"line":104,"column":9}}]},"33":{"type":"branch","line":97,"loc":{"start":{"line":97,"column":50},"end":{"line":97,"column":76}},"locations":[{"start":{"line":97,"column":50},"end":{"line":97,"column":76}}]},"34":{"type":"branch","line":97,"loc":{"start":{"line":97,"column":62},"end":{"line":97,"column":93}},"locations":[{"start":{"line":97,"column":62},"end":{"line":97,"column":93}}]},"35":{"type":"branch","line":100,"loc":{"start":{"line":100,"column":32},"end":{"line":100,"column":71}},"locations":[{"start":{"line":100,"column":32},"end":{"line":100,"column":71}}]},"36":{"type":"branch","line":100,"loc":{"start":{"line":100,"column":53},"end":{"line":100,"column":71}},"locations":[{"start":{"line":100,"column":53},"end":{"line":100,"column":71}}]},"37":{"type":"branch","line":100,"loc":{"start":{"line":100,"column":53},"end":{"line":102,"column":64}},"locations":[{"start":{"line":100,"column":53},"end":{"line":102,"column":64}}]},"38":{"type":"branch","line":102,"loc":{"start":{"line":102,"column":50},"end":{"line":102,"column":82}},"locations":[{"start":{"line":102,"column":50},"end":{"line":102,"column":82}}]},"39":{"type":"branch","line":102,"loc":{"start":{"line":102,"column":78},"end":{"line":102,"column":92}},"locations":[{"start":{"line":102,"column":78},"end":{"line":102,"column":92}}]},"40":{"type":"branch","line":107,"loc":{"start":{"line":107,"column":13},"end":{"line":119,"column":5}},"locations":[{"start":{"line":107,"column":13},"end":{"line":119,"column":5}}]},"41":{"type":"branch","line":110,"loc":{"start":{"line":110,"column":55},"end":{"line":110,"column":65}},"locations":[{"start":{"line":110,"column":55},"end":{"line":110,"column":65}}]},"42":{"type":"branch","line":110,"loc":{"start":{"line":110,"column":55},"end":{"line":112,"column":34}},"locations":[{"start":{"line":110,"column":55},"end":{"line":112,"column":34}}]},"43":{"type":"branch","line":112,"loc":{"start":{"line":112,"column":34},"end":{"line":118,"column":9}},"locations":[{"start":{"line":112,"column":34},"end":{"line":118,"column":9}}]},"44":{"type":"branch","line":113,"loc":{"start":{"line":113,"column":43},"end":{"line":115,"column":23}},"locations":[{"start":{"line":113,"column":43},"end":{"line":115,"column":23}}]},"45":{"type":"branch","line":115,"loc":{"start":{"line":115,"column":12},"end":{"line":117,"column":13}},"locations":[{"start":{"line":115,"column":12},"end":{"line":117,"column":13}}]},"46":{"type":"branch","line":115,"loc":{"start":{"line":115,"column":38},"end":{"line":115,"column":72}},"locations":[{"start":{"line":115,"column":38},"end":{"line":115,"column":72}}]},"47":{"type":"branch","line":115,"loc":{"start":{"line":115,"column":72},"end":{"line":117,"column":13}},"locations":[{"start":{"line":115,"column":72},"end":{"line":117,"column":13}}]},"48":{"type":"branch","line":121,"loc":{"start":{"line":121,"column":13},"end":{"line":131,"column":5}},"locations":[{"start":{"line":121,"column":13},"end":{"line":131,"column":5}}]},"49":{"type":"branch","line":124,"loc":{"start":{"line":124,"column":55},"end":{"line":124,"column":94}},"locations":[{"start":{"line":124,"column":55},"end":{"line":124,"column":94}}]},"50":{"type":"branch","line":124,"loc":{"start":{"line":124,"column":76},"end":{"line":124,"column":94}},"locations":[{"start":{"line":124,"column":76},"end":{"line":124,"column":94}}]},"51":{"type":"branch","line":124,"loc":{"start":{"line":124,"column":76},"end":{"line":126,"column":46}},"locations":[{"start":{"line":124,"column":76},"end":{"line":126,"column":46}}]},"52":{"type":"branch","line":126,"loc":{"start":{"line":126,"column":46},"end":{"line":128,"column":19}},"locations":[{"start":{"line":126,"column":46},"end":{"line":128,"column":19}}]},"53":{"type":"branch","line":128,"loc":{"start":{"line":128,"column":8},"end":{"line":130,"column":9}},"locations":[{"start":{"line":128,"column":8},"end":{"line":130,"column":9}}]},"54":{"type":"branch","line":128,"loc":{"start":{"line":128,"column":51},"end":{"line":130,"column":9}},"locations":[{"start":{"line":128,"column":51},"end":{"line":130,"column":9}}]}},"b":{"0":[234],"1":[146],"2":[6],"3":[145],"4":[140],"5":[118],"6":[2],"7":[30],"8":[1],"9":[29],"10":[2],"11":[27],"12":[23],"13":[2],"14":[25],"15":[54],"16":[45],"17":[9],"18":[3],"19":[2],"20":[1],"21":[5],"22":[4],"23":[1],"24":[4],"25":[3],"26":[1],"27":[8],"28":[7],"29":[2],"30":[6],"31":[5],"32":[5],"33":[4],"34":[1],"35":[4],"36":[2],"37":[3],"38":[2],"39":[1],"40":[11],"41":[1],"42":[10],"43":[9],"44":[2],"45":[7],"46":[6],"47":[5],"48":[5],"49":[4],"50":[1],"51":[4],"52":[1],"53":[3],"54":[2]},"fnMap":{"0":{"name":"useKeyboardNavigation","decl":{"start":{"line":4,"column":16},"end":{"line":144,"column":1}},"loc":{"start":{"line":4,"column":16},"end":{"line":144,"column":1}},"line":4},"1":{"name":"handleKeyDown","decl":{"start":{"line":5,"column":13},"end":{"line":26,"column":5}},"loc":{"start":{"line":5,"column":13},"end":{"line":26,"column":5}},"line":5},"2":{"name":"handleEscapeKey","decl":{"start":{"line":28,"column":13},"end":{"line":31,"column":5}},"loc":{"start":{"line":28,"column":13},"end":{"line":31,"column":5}},"line":28},"3":{"name":"handleEnterKey","decl":{"start":{"line":33,"column":13},"end":{"line":48,"column":5}},"loc":{"start":{"line":33,"column":13},"end":{"line":48,"column":5}},"line":33},"4":{"name":"handleArrowDownKey","decl":{"start":{"line":50,"column":13},"end":{"line":61,"column":5}},"loc":{"start":{"line":50,"column":13},"end":{"line":61,"column":5}},"line":50},"5":{"name":"handleArrowUpKey","decl":{"start":{"line":63,"column":13},"end":{"line":74,"column":5}},"loc":{"start":{"line":63,"column":13},"end":{"line":74,"column":5}},"line":63},"6":{"name":"handleTabKey","decl":{"start":{"line":76,"column":13},"end":{"line":89,"column":5}},"loc":{"start":{"line":76,"column":13},"end":{"line":89,"column":5}},"line":76},"7":{"name":"handleBackspaceKey","decl":{"start":{"line":91,"column":13},"end":{"line":105,"column":5}},"loc":{"start":{"line":91,"column":13},"end":{"line":105,"column":5}},"line":91},"8":{"name":"handleArrowLeftKey","decl":{"start":{"line":107,"column":13},"end":{"line":119,"column":5}},"loc":{"start":{"line":107,"column":13},"end":{"line":119,"column":5}},"line":107},"9":{"name":"handleArrowRightKey","decl":{"start":{"line":121,"column":13},"end":{"line":131,"column":5}},"loc":{"start":{"line":121,"column":13},"end":{"line":131,"column":5}},"line":121}},"f":{"0":234,"1":146,"2":2,"3":30,"4":54,"5":3,"6":5,"7":8,"8":11,"9":5}}
,"/home/chris/projects/svelte-5-select/src/lib/utils.ts": {"path":"/home/chris/projects/svelte-5-select/src/lib/utils.ts","all":false,"statementMap":{"2":{"start":{"line":3,"column":0},"end":{"line":3,"column":92}},"3":{"start":{"line":4,"column":0},"end":{"line":4,"column":77}},"4":{"start":{"line":5,"column":0},"end":{"line":5,"column":1}},"6":{"start":{"line":7,"column":0},"end":{"line":7,"column":72}},"7":{"start":{"line":8,"column":0},"end":{"line":8,"column":31}},"8":{"start":{"line":9,"column":0},"end":{"line":9,"column":69}},"9":{"start":{"line":10,"column":0},"end":{"line":10,"column":1}},"11":{"start":{"line":12,"column":0},"end":{"line":12,"column":70}},"12":{"start":{"line":13,"column":0},"end":{"line":13,"column":90}},"13":{"start":{"line":14,"column":0},"end":{"line":14,"column":1}},"15":{"start":{"line":16,"column":0},"end":{"line":16,"column":60}},"16":{"start":{"line":17,"column":0},"end":{"line":17,"column":73}},"17":{"start":{"line":18,"column":0},"end":{"line":18,"column":1}},"19":{"start":{"line":20,"column":0},"end":{"line":20,"column":78}},"20":{"start":{"line":21,"column":0},"end":{"line":21,"column":28}},"21":{"start":{"line":22,"column":0},"end":{"line":22,"column":75}},"22":{"start":{"line":23,"column":0},"end":{"line":23,"column":1}},"24":{"start":{"line":25,"column":0},"end":{"line":25,"column":72}},"25":{"start":{"line":26,"column":0},"end":{"line":26,"column":65}},"26":{"start":{"line":27,"column":0},"end":{"line":27,"column":1}},"28":{"start":{"line":29,"column":0},"end":{"line":29,"column":117}},"29":{"start":{"line":30,"column":0},"end":{"line":30,"column":12}},"30":{"start":{"line":31,"column":0},"end":{"line":31,"column":26}},"31":{"start":{"line":32,"column":0},"end":{"line":32,"column":31}},"32":{"start":{"line":33,"column":0},"end":{"line":33,"column":6}},"33":{"start":{"line":34,"column":0},"end":{"line":34,"column":1}}},"s":{"2":1,"3":2052,"4":2052,"6":1,"7":1859,"8":1026,"9":1026,"11":1,"12":0,"13":0,"15":1,"16":364,"17":364,"19":1,"20":252,"21":252,"22":252,"24":1,"25":168,"26":168,"28":1,"29":60,"30":60,"31":60,"32":60,"33":60},"branchMap":{"0":{"type":"branch","line":3,"loc":{"start":{"line":3,"column":7},"end":{"line":5,"column":1}},"locations":[{"start":{"line":3,"column":7},"end":{"line":5,"column":1}}]},"1":{"type":"branch","line":4,"loc":{"start":{"line":4,"column":35},"end":{"line":4,"column":67}},"locations":[{"start":{"line":4,"column":35},"end":{"line":4,"column":67}}]},"2":{"type":"branch","line":4,"loc":{"start":{"line":4,"column":63},"end":{"line":4,"column":77}},"locations":[{"start":{"line":4,"column":63},"end":{"line":4,"column":77}}]},"3":{"type":"branch","line":7,"loc":{"start":{"line":7,"column":7},"end":{"line":10,"column":1}},"locations":[{"start":{"line":7,"column":7},"end":{"line":10,"column":1}}]},"4":{"type":"branch","line":8,"loc":{"start":{"line":8,"column":9},"end":{"line":8,"column":18}},"locations":[{"start":{"line":8,"column":9},"end":{"line":8,"column":18}}]},"5":{"type":"branch","line":8,"loc":{"start":{"line":8,"column":18},"end":{"line":10,"column":1}},"locations":[{"start":{"line":8,"column":18},"end":{"line":10,"column":1}}]},"6":{"type":"branch","line":8,"loc":{"start":{"line":8,"column":18},"end":{"line":8,"column":31}},"locations":[{"start":{"line":8,"column":18},"end":{"line":8,"column":31}}]},"7":{"type":"branch","line":8,"loc":{"start":{"line":8,"column":25},"end":{"line":10,"column":1}},"locations":[{"start":{"line":8,"column":25},"end":{"line":10,"column":1}}]},"8":{"type":"branch","line":16,"loc":{"start":{"line":16,"column":7},"end":{"line":18,"column":1}},"locations":[{"start":{"line":16,"column":7},"end":{"line":18,"column":1}}]},"9":{"type":"branch","line":17,"loc":{"start":{"line":17,"column":24},"end":{"line":17,"column":73}},"locations":[{"start":{"line":17,"column":24},"end":{"line":17,"column":73}}]},"10":{"type":"branch","line":17,"loc":{"start":{"line":17,"column":39},"end":{"line":17,"column":71}},"locations":[{"start":{"line":17,"column":39},"end":{"line":17,"column":71}}]},"11":{"type":"branch","line":20,"loc":{"start":{"line":20,"column":7},"end":{"line":23,"column":1}},"locations":[{"start":{"line":20,"column":7},"end":{"line":23,"column":1}}]},"12":{"type":"branch","line":21,"loc":{"start":{"line":21,"column":15},"end":{"line":21,"column":28}},"locations":[{"start":{"line":21,"column":15},"end":{"line":21,"column":28}}]},"13":{"type":"branch","line":22,"loc":{"start":{"line":22,"column":44},"end":{"line":22,"column":75}},"locations":[{"start":{"line":22,"column":44},"end":{"line":22,"column":75}}]},"14":{"type":"branch","line":25,"loc":{"start":{"line":25,"column":7},"end":{"line":27,"column":1}},"locations":[{"start":{"line":25,"column":7},"end":{"line":27,"column":1}}]},"15":{"type":"branch","line":29,"loc":{"start":{"line":29,"column":7},"end":{"line":34,"column":1}},"locations":[{"start":{"line":29,"column":7},"end":{"line":34,"column":1}}]}},"b":{"0":[2052],"1":[2008],"2":[44],"3":[1859],"4":[1028],"5":[1853],"6":[833],"7":[1026],"8":[364],"9":[360],"10":[410],"11":[252],"12":[0],"13":[55],"14":[168],"15":[60]},"fnMap":{"0":{"name":"getItemProperty","decl":{"start":{"line":3,"column":7},"end":{"line":5,"column":1}},"loc":{"start":{"line":3,"column":7},"end":{"line":5,"column":1}},"line":3},"1":{"name":"areItemsEqual","decl":{"start":{"line":7,"column":7},"end":{"line":10,"column":1}},"loc":{"start":{"line":7,"column":7},"end":{"line":10,"column":1}},"line":7},"2":{"name":"isCancelled","decl":{"start":{"line":12,"column":7},"end":{"line":14,"column":1}},"loc":{"start":{"line":12,"column":7},"end":{"line":14,"column":1}},"line":12},"3":{"name":"isStringArray","decl":{"start":{"line":16,"column":7},"end":{"line":18,"column":1}},"loc":{"start":{"line":16,"column":7},"end":{"line":18,"column":1}},"line":16},"4":{"name":"isItemSelectableCheck","decl":{"start":{"line":20,"column":7},"end":{"line":23,"column":1}},"loc":{"start":{"line":20,"column":7},"end":{"line":23,"column":1}},"line":20},"5":{"name":"hasValueChanged","decl":{"start":{"line":25,"column":7},"end":{"line":27,"column":1}},"loc":{"start":{"line":25,"column":7},"end":{"line":27,"column":1}},"line":25},"6":{"name":"createGroupHeaderItem","decl":{"start":{"line":29,"column":7},"end":{"line":34,"column":1}},"loc":{"start":{"line":29,"column":7},"end":{"line":34,"column":1}},"line":29}},"f":{"0":2052,"1":1859,"2":0,"3":364,"4":252,"5":168,"6":60}}
}
